[2026-07-04 23:54:58]: Starting build for depot 4927191, content path is "/Users/alexeypokrovsky/Documents/Work/Development/Games/memory/electron/release/steam/mac-arm64", build flags 0x0
[2026-07-04 23:54:58]: Building file listing for depot 4927191 ...
[2026-07-04 23:54:58]: Found 618 files for mapping: /Users/alexeypokrovsky/Documents/Work/Development/Games/memory/electron/release/steam/mac-arm64/Orion-7.app * -> Orion-7.app
[2026-07-04 23:54:58]: Found 618 files (494 MB) for depot 4927191
[2026-07-04 23:54:59]: Building depot 4927191, no baseline manifest
[2026-07-04 23:55:00]: Found 550 new chunks ( 0 used previously ) for depot 4927191, took 0 minutes, 1 seconds
[2026-07-04 23:55:00]: Changes to baseline manifest 0 :
[2026-07-04 23:55:00]: Added  : "Orion-7.app\Contents" 0 KB ,Flags: 64
[2026-07-04 23:55:00]: Added  : "Orion-7.app\Contents\Frameworks" 0 KB ,Flags: 64
[2026-07-04 23:55:00]: Added  : "Orion-7.app\Contents\Frameworks\Electron Framework.framework" 0 KB ,Flags: 64
[2026-07-04 23:55:00]: Added  : "Orion-7.app\Contents\Frameworks\Electron Framework.framework\Electron Framework" 0 KB ,Flags: 512
[2026-07-04 23:55:00]: Added  : "Orion-7.app\Contents\Frameworks\Electron Framework.framework\Helpers" 0 KB ,Flags: 512
[2026-07-04 23:55:00]: Added  : "Orion-7.app\Contents\Frameworks\Electron Framework.framework\Libraries" 0 KB ,Flags: 512
[2026-07-04 23:55:00]: Added  : "Orion-7.app\Contents\Frameworks\Electron Framework.framework\Resources" 0 KB ,Flags: 512
[2026-07-04 23:55:00]: Added  : "Orion-7.app\Contents\Frameworks\Electron Framework.framework\Versions" 0 KB ,Flags: 64
[2026-07-04 23:55:00]: Added  : "Orion-7.app\Contents\Frameworks\Electron Framework.framework\Versions\A" 0 KB ,Flags: 64
[2026-07-04 23:55:00]: Added  : "Orion-7.app\Contents\Frameworks\Electron Framework.framework\Versions\A\Electron Framework" 184807 KB 
[2026-07-04 23:55:00]: Added  : "Orion-7.app\Contents\Frameworks\Electron Framework.framework\Versions\A\Helpers" 0 KB ,Flags: 64
[2026-07-04 23:55:00]: Added  : "Orion-7.app\Contents\Frameworks\Electron Framework.framework\Versions\A\Helpers\chrome_crashpad_handler" 1183 KB 
[2026-07-04 23:55:00]: Added  : "Orion-7.app\Contents\Frameworks\Electron Framework.framework\Versions\A\Libraries" 0 KB ,Flags: 64
[2026-07-04 23:55:00]: Added  : "Orion-7.app\Contents\Frameworks\Electron Framework.framework\Versions\A\Libraries\libEGL.dylib" 90 KB 
[2026-07-04 23:55:00]: Added  : "Orion-7.app\Contents\Frameworks\Electron Framework.framework\Versions\A\Libraries\libffmpeg.dylib" 2162 KB 
[2026-07-04 23:55:00]: Added  : "Orion-7.app\Contents\Frameworks\Electron Framework.framework\Versions\A\Libraries\libGLESv2.dylib" 6067 KB 
[2026-07-04 23:55:00]: Added  : "Orion-7.app\Contents\Frameworks\Electron Framework.framework\Versions\A\Libraries\libvk_swiftshader.dylib" 16219 KB 
[2026-07-04 23:55:00]: Added  : "Orion-7.app\Contents\Frameworks\Electron Framework.framework\Versions\A\Libraries\vk_swiftshader_icd.json" 1 KB 
[2026-07-04 23:55:00]: Added  : "Orion-7.app\Contents\Frameworks\Electron Framework.framework\Versions\A\Resources" 0 KB ,Flags: 64
[2026-07-04 23:55:00]: Added  : "Orion-7.app\Contents\Frameworks\Electron Framework.framework\Versions\A\Resources\af.lproj" 0 KB ,Flags: 64
[2026-07-04 23:55:00]: Added  : "Orion-7.app\Contents\Frameworks\Electron Framework.framework\Versions\A\Resources\af.lproj\locale.pak" 603 KB 
[2026-07-04 23:55:00]: Added  : "Orion-7.app\Contents\Frameworks\Electron Framework.framework\Versions\A\Resources\af_FEMININE.lproj" 0 KB ,Flags: 64
[2026-07-04 23:55:00]: Added  : "Orion-7.app\Contents\Frameworks\Electron Framework.framework\Versions\A\Resources\af_FEMININE.lproj\locale.pak" 1 KB 
[2026-07-04 23:55:00]: Added  : "Orion-7.app\Contents\Frameworks\Electron Framework.framework\Versions\A\Resources\af_MASCULINE.lproj" 0 KB ,Flags: 64
[2026-07-04 23:55:00]: Added  : "Orion-7.app\Contents\Frameworks\Electron Framework.framework\Versions\A\Resources\af_MASCULINE.lproj\locale.pak" 1 KB 
[2026-07-04 23:55:00]: Added  : "Orion-7.app\Contents\Frameworks\Electron Framework.framework\Versions\A\Resources\af_NEUTER.lproj" 0 KB ,Flags: 64
[2026-07-04 23:55:00]: Added  : "Orion-7.app\Contents\Frameworks\Electron Framework.framework\Versions\A\Resources\af_NEUTER.lproj\locale.pak" 1 KB 
[2026-07-04 23:55:00]: Added  : "Orion-7.app\Contents\Frameworks\Electron Framework.framework\Versions\A\Resources\am.lproj" 0 KB ,Flags: 64
[2026-07-04 23:55:00]: Added  : "Orion-7.app\Contents\Frameworks\Electron Framework.framework\Versions\A\Resources\am.lproj\locale.pak" 980 KB 
[2026-07-04 23:55:00]: Added  : "Orion-7.app\Contents\Frameworks\Electron Framework.framework\Versions\A\Resources\am_FEMININE.lproj" 0 KB ,Flags: 64
[2026-07-04 23:55:00]: Added  : "Orion-7.app\Contents\Frameworks\Electron Framework.framework\Versions\A\Resources\am_FEMININE.lproj\locale.pak" 1 KB 
[2026-07-04 23:55:00]: Added  : "Orion-7.app\Contents\Frameworks\Electron Framework.framework\Versions\A\Resources\am_MASCULINE.lproj" 0 KB ,Flags: 64
[2026-07-04 23:55:00]: Added  : "Orion-7.app\Contents\Frameworks\Electron Framework.framework\Versions\A\Resources\am_MASCULINE.lproj\locale.pak" 1 KB 
[2026-07-04 23:55:00]: Added  : "Orion-7.app\Contents\Frameworks\Electron Framework.framework\Versions\A\Resources\am_NEUTER.lproj" 0 KB ,Flags: 64
[2026-07-04 23:55:00]: Added  : "Orion-7.app\Contents\Frameworks\Electron Framework.framework\Versions\A\Resources\am_NEUTER.lproj\locale.pak" 1 KB 
[2026-07-04 23:55:00]: Added  : "Orion-7.app\Contents\Frameworks\Electron Framework.framework\Versions\A\Resources\ar.lproj" 0 KB ,Flags: 64
[2026-07-04 23:55:00]: Added  : "Orion-7.app\Contents\Frameworks\Electron Framework.framework\Versions\A\Resources\ar.lproj\locale.pak" 1079 KB 
[2026-07-04 23:55:00]: Added  : "Orion-7.app\Contents\Frameworks\Electron Framework.framework\Versions\A\Resources\ar_FEMININE.lproj" 0 KB ,Flags: 64
[2026-07-04 23:55:00]: Added  : "Orion-7.app\Contents\Frameworks\Electron Framework.framework\Versions\A\Resources\ar_FEMININE.lproj\locale.pak" 1 KB 
[2026-07-04 23:55:00]: Added  : "Orion-7.app\Contents\Frameworks\Electron Framework.framework\Versions\A\Resources\ar_MASCULINE.lproj" 0 KB ,Flags: 64
[2026-07-04 23:55:00]: Added  : "Orion-7.app\Contents\Frameworks\Electron Framework.framework\Versions\A\Resources\ar_MASCULINE.lproj\locale.pak" 1 KB 
[2026-07-04 23:55:00]: Added  : "Orion-7.app\Contents\Frameworks\Electron Framework.framework\Versions\A\Resources\ar_NEUTER.lproj" 0 KB ,Flags: 64
[2026-07-04 23:55:00]: Added  : "Orion-7.app\Contents\Frameworks\Electron Framework.framework\Versions\A\Resources\ar_NEUTER.lproj\locale.pak" 1 KB 
[2026-07-04 23:55:00]: Added  : "Orion-7.app\Contents\Frameworks\Electron Framework.framework\Versions\A\Resources\bg.lproj" 0 KB ,Flags: 64
[2026-07-04 23:55:00]: Added  : "Orion-7.app\Contents\Frameworks\Electron Framework.framework\Versions\A\Resources\bg.lproj\locale.pak" 1118 KB 
[2026-07-04 23:55:00]: Added  : "Orion-7.app\Contents\Frameworks\Electron Framework.framework\Versions\A\Resources\bg_FEMININE.lproj" 0 KB ,Flags: 64
[2026-07-04 23:55:00]: Added  : "Orion-7.app\Contents\Frameworks\Electron Framework.framework\Versions\A\Resources\bg_FEMININE.lproj\locale.pak" 1 KB 
[2026-07-04 23:55:00]: Added  : "Orion-7.app\Contents\Frameworks\Electron Framework.framework\Versions\A\Resources\bg_MASCULINE.lproj" 0 KB ,Flags: 64
[2026-07-04 23:55:00]: Added  : "Orion-7.app\Contents\Frameworks\Electron Framework.framework\Versions\A\Resources\bg_MASCULINE.lproj\locale.pak" 1 KB 
[2026-07-04 23:55:00]: Added  : "Orion-7.app\Contents\Frameworks\Electron Framework.framework\Versions\A\Resources\bg_NEUTER.lproj" 0 KB ,Flags: 64
[2026-07-04 23:55:00]: Added  : "Orion-7.app\Contents\Frameworks\Electron Framework.framework\Versions\A\Resources\bg_NEUTER.lproj\locale.pak" 1 KB 
[2026-07-04 23:55:00]: Added  : "Orion-7.app\Contents\Frameworks\Electron Framework.framework\Versions\A\Resources\bn.lproj" 0 KB ,Flags: 64
[2026-07-04 23:55:00]: Added  : "Orion-7.app\Contents\Frameworks\Electron Framework.framework\Versions\A\Resources\bn.lproj\locale.pak" 1438 KB 
[2026-07-04 23:55:00]: Added  : "Orion-7.app\Contents\Frameworks\Electron Framework.framework\Versions\A\Resources\bn_FEMININE.lproj" 0 KB ,Flags: 64
[2026-07-04 23:55:00]: Added  : "Orion-7.app\Contents\Frameworks\Electron Framework.framework\Versions\A\Resources\bn_FEMININE.lproj\locale.pak" 1 KB 
[2026-07-04 23:55:00]: Added  : "Orion-7.app\Contents\Frameworks\Electron Framework.framework\Versions\A\Resources\bn_MASCULINE.lproj" 0 KB ,Flags: 64
[2026-07-04 23:55:00]: Added  : "Orion-7.app\Contents\Frameworks\Electron Framework.framework\Versions\A\Resources\bn_MASCULINE.lproj\locale.pak" 1 KB 
[2026-07-04 23:55:00]: Added  : "Orion-7.app\Contents\Frameworks\Electron Framework.framework\Versions\A\Resources\bn_NEUTER.lproj" 0 KB ,Flags: 64
[2026-07-04 23:55:00]: Added  : "Orion-7.app\Contents\Frameworks\Electron Framework.framework\Versions\A\Resources\bn_NEUTER.lproj\locale.pak" 1 KB 
[2026-07-04 23:55:00]: Added  : "Orion-7.app\Contents\Frameworks\Electron Framework.framework\Versions\A\Resources\ca.lproj" 0 KB ,Flags: 64
[2026-07-04 23:55:00]: Added  : "Orion-7.app\Contents\Frameworks\Electron Framework.framework\Versions\A\Resources\ca.lproj\locale.pak" 680 KB 
[2026-07-04 23:55:00]: Added  : "Orion-7.app\Contents\Frameworks\Electron Framework.framework\Versions\A\Resources\ca_FEMININE.lproj" 0 KB ,Flags: 64
[2026-07-04 23:55:00]: Added  : "Orion-7.app\Contents\Frameworks\Electron Framework.framework\Versions\A\Resources\ca_FEMININE.lproj\locale.pak" 1 KB 
[2026-07-04 23:55:00]: Added  : "Orion-7.app\Contents\Frameworks\Electron Framework.framework\Versions\A\Resources\ca_MASCULINE.lproj" 0 KB ,Flags: 64
[2026-07-04 23:55:00]: Added  : "Orion-7.app\Contents\Frameworks\Electron Framework.framework\Versions\A\Resources\ca_MASCULINE.lproj\locale.pak" 1 KB 
[2026-07-04 23:55:00]: Added  : "Orion-7.app\Contents\Frameworks\Electron Framework.framework\Versions\A\Resources\ca_NEUTER.lproj" 0 KB ,Flags: 64
[2026-07-04 23:55:00]: Added  : "Orion-7.app\Contents\Frameworks\Electron Framework.framework\Versions\A\Resources\ca_NEUTER.lproj\locale.pak" 1 KB 
[2026-07-04 23:55:00]: Added  : "Orion-7.app\Contents\Frameworks\Electron Framework.framework\Versions\A\Resources\chrome_100_percent.pak" 118 KB 
[2026-07-04 23:55:00]: Added  : "Orion-7.app\Contents\Frameworks\Electron Framework.framework\Versions\A\Resources\chrome_200_percent.pak" 193 KB 
[2026-07-04 23:55:00]: Added  : "Orion-7.app\Contents\Frameworks\Electron Framework.framework\Versions\A\Resources\cs.lproj" 0 KB ,Flags: 64
[2026-07-04 23:55:00]: Added  : "Orion-7.app\Contents\Frameworks\Electron Framework.framework\Versions\A\Resources\cs.lproj\locale.pak" 706 KB 
[2026-07-04 23:55:00]: Added  : "Orion-7.app\Contents\Frameworks\Electron Framework.framework\Versions\A\Resources\cs_FEMININE.lproj" 0 KB ,Flags: 64
[2026-07-04 23:55:00]: Added  : "Orion-7.app\Contents\Frameworks\Electron Framework.framework\Versions\A\Resources\cs_FEMININE.lproj\locale.pak" 1 KB 
[2026-07-04 23:55:00]: Added  : "Orion-7.app\Contents\Frameworks\Electron Framework.framework\Versions\A\Resources\cs_MASCULINE.lproj" 0 KB ,Flags: 64
[2026-07-04 23:55:00]: Added  : "Orion-7.app\Contents\Frameworks\Electron Framework.framework\Versions\A\Resources\cs_MASCULINE.lproj\locale.pak" 1 KB 
[2026-07-04 23:55:00]: Added  : "Orion-7.app\Contents\Frameworks\Electron Framework.framework\Versions\A\Resources\cs_NEUTER.lproj" 0 KB ,Flags: 64
[2026-07-04 23:55:00]: Added  : "Orion-7.app\Contents\Frameworks\Electron Framework.framework\Versions\A\Resources\cs_NEUTER.lproj\locale.pak" 1 KB 
[2026-07-04 23:55:00]: Added  : "Orion-7.app\Contents\Frameworks\Electron Framework.framework\Versions\A\Resources\da.lproj" 0 KB ,Flags: 64
[2026-07-04 23:55:00]: Added  : "Orion-7.app\Contents\Frameworks\Electron Framework.framework\Versions\A\Resources\da.lproj\locale.pak" 634 KB 
[2026-07-04 23:55:00]: Added  : "Orion-7.app\Contents\Frameworks\Electron Framework.framework\Versions\A\Resources\da_FEMININE.lproj" 0 KB ,Flags: 64
[2026-07-04 23:55:00]: Added  : "Orion-7.app\Contents\Frameworks\Electron Framework.framework\Versions\A\Resources\da_FEMININE.lproj\locale.pak" 1 KB 
[2026-07-04 23:55:00]: Added  : "Orion-7.app\Contents\Frameworks\Electron Framework.framework\Versions\A\Resources\da_MASCULINE.lproj" 0 KB ,Flags: 64
[2026-07-04 23:55:00]: Added  : "Orion-7.app\Contents\Frameworks\Electron Framework.framework\Versions\A\Resources\da_MASCULINE.lproj\locale.pak" 1 KB 
[2026-07-04 23:55:00]: Added  : "Orion-7.app\Contents\Frameworks\Electron Framework.framework\Versions\A\Resources\da_NEUTER.lproj" 0 KB ,Flags: 64
[2026-07-04 23:55:00]: Added  : "Orion-7.app\Contents\Frameworks\Electron Framework.framework\Versions\A\Resources\da_NEUTER.lproj\locale.pak" 1 KB 
[2026-07-04 23:55:00]: Added  : "Orion-7.app\Contents\Frameworks\Electron Framework.framework\Versions\A\Resources\de.lproj" 0 KB ,Flags: 64
[2026-07-04 23:55:00]: Added  : "Orion-7.app\Contents\Frameworks\Electron Framework.framework\Versions\A\Resources\de.lproj\locale.pak" 681 KB 
[2026-07-04 23:55:00]: Added  : "Orion-7.app\Contents\Frameworks\Electron Framework.framework\Versions\A\Resources\de_FEMININE.lproj" 0 KB ,Flags: 64
[2026-07-04 23:55:00]: Added  : "Orion-7.app\Contents\Frameworks\Electron Framework.framework\Versions\A\Resources\de_FEMININE.lproj\locale.pak" 1 KB 
[2026-07-04 23:55:00]: Added  : "Orion-7.app\Contents\Frameworks\Electron Framework.framework\Versions\A\Resources\de_MASCULINE.lproj" 0 KB ,Flags: 64
[2026-07-04 23:55:00]: Added  : "Orion-7.app\Contents\Frameworks\Electron Framework.framework\Versions\A\Resources\de_MASCULINE.lproj\locale.pak" 1 KB 
[2026-07-04 23:55:00]: Added  : "Orion-7.app\Contents\Frameworks\Electron Framework.framework\Versions\A\Resources\de_NEUTER.lproj" 0 KB ,Flags: 64
[2026-07-04 23:55:00]: Added  : "Orion-7.app\Contents\Frameworks\Electron Framework.framework\Versions\A\Resources\de_NEUTER.lproj\locale.pak" 1 KB 
[2026-07-04 23:55:00]: Added  : "Orion-7.app\Contents\Frameworks\Electron Framework.framework\Versions\A\Resources\el.lproj" 0 KB ,Flags: 64
[2026-07-04 23:55:00]: Added  : "Orion-7.app\Contents\Frameworks\Electron Framework.framework\Versions\A\Resources\el.lproj\locale.pak" 1229 KB 
[2026-07-04 23:55:00]: Added  : "Orion-7.app\Contents\Frameworks\Electron Framework.framework\Versions\A\Resources\el_FEMININE.lproj" 0 KB ,Flags: 64
[2026-07-04 23:55:00]: Added  : "Orion-7.app\Contents\Frameworks\Electron Framework.framework\Versions\A\Resources\el_FEMININE.lproj\locale.pak" 1 KB 
[2026-07-04 23:55:00]: Added  : "Orion-7.app\Contents\Frameworks\Electron Framework.framework\Versions\A\Resources\el_MASCULINE.lproj" 0 KB ,Flags: 64
[2026-07-04 23:55:00]: Added  : "Orion-7.app\Contents\Frameworks\Electron Framework.framework\Versions\A\Resources\el_MASCULINE.lproj\locale.pak" 1 KB 
[2026-07-04 23:55:00]: Added  : "Orion-7.app\Contents\Frameworks\Electron Framework.framework\Versions\A\Resources\el_NEUTER.lproj" 0 KB ,Flags: 64
[2026-07-04 23:55:00]: Added  : "Orion-7.app\Contents\Frameworks\Electron Framework.framework\Versions\A\Resources\el_NEUTER.lproj\locale.pak" 1 KB 
[2026-07-04 23:55:00]: Added  : "Orion-7.app\Contents\Frameworks\Electron Framework.framework\Versions\A\Resources\en.lproj" 0 KB ,Flags: 64
[2026-07-04 23:55:00]: Added  : "Orion-7.app\Contents\Frameworks\Electron Framework.framework\Versions\A\Resources\en.lproj\locale.pak" 557 KB 
[2026-07-04 23:55:00]: Added  : "Orion-7.app\Contents\Frameworks\Electron Framework.framework\Versions\A\Resources\en_FEMININE.lproj" 0 KB ,Flags: 64
[2026-07-04 23:55:00]: Added  : "Orion-7.app\Contents\Frameworks\Electron Framework.framework\Versions\A\Resources\en_FEMININE.lproj\locale.pak" 1 KB 
[2026-07-04 23:55:00]: Added  : "Orion-7.app\Contents\Frameworks\Electron Framework.framework\Versions\A\Resources\en_GB.lproj" 0 KB ,Flags: 64
[2026-07-04 23:55:00]: Added  : "Orion-7.app\Contents\Frameworks\Electron Framework.framework\Versions\A\Resources\en_GB.lproj\locale.pak" 550 KB 
[2026-07-04 23:55:00]: Added  : "Orion-7.app\Contents\Frameworks\Electron Framework.framework\Versions\A\Resources\en_GB_FEMININE.lproj" 0 KB ,Flags: 64
[2026-07-04 23:55:00]: Added  : "Orion-7.app\Contents\Frameworks\Electron Framework.framework\Versions\A\Resources\en_GB_FEMININE.lproj\locale.pak" 1 KB 
[2026-07-04 23:55:00]: Added  : "Orion-7.app\Contents\Frameworks\Electron Framework.framework\Versions\A\Resources\en_GB_MASCULINE.lproj" 0 KB ,Flags: 64
[2026-07-04 23:55:00]: Added  : "Orion-7.app\Contents\Frameworks\Electron Framework.framework\Versions\A\Resources\en_GB_MASCULINE.lproj\locale.pak" 1 KB 
[2026-07-04 23:55:00]: Added  : "Orion-7.app\Contents\Frameworks\Electron Framework.framework\Versions\A\Resources\en_GB_NEUTER.lproj" 0 KB ,Flags: 64
[2026-07-04 23:55:00]: Added  : "Orion-7.app\Contents\Frameworks\Electron Framework.framework\Versions\A\Resources\en_GB_NEUTER.lproj\locale.pak" 1 KB 
[2026-07-04 23:55:00]: Added  : "Orion-7.app\Contents\Frameworks\Electron Framework.framework\Versions\A\Resources\en_MASCULINE.lproj" 0 KB ,Flags: 64
[2026-07-04 23:55:00]: Added  : "Orion-7.app\Contents\Frameworks\Electron Framework.framework\Versions\A\Resources\en_MASCULINE.lproj\locale.pak" 1 KB 
[2026-07-04 23:55:00]: Added  : "Orion-7.app\Contents\Frameworks\Electron Framework.framework\Versions\A\Resources\en_NEUTER.lproj" 0 KB ,Flags: 64
[2026-07-04 23:55:00]: Added  : "Orion-7.app\Contents\Frameworks\Electron Framework.framework\Versions\A\Resources\en_NEUTER.lproj\locale.pak" 1 KB 
[2026-07-04 23:55:00]: Added  : "Orion-7.app\Contents\Frameworks\Electron Framework.framework\Versions\A\Resources\es.lproj" 0 KB ,Flags: 64
[2026-07-04 23:55:00]: Added  : "Orion-7.app\Contents\Frameworks\Electron Framework.framework\Versions\A\Resources\es.lproj\locale.pak" 668 KB 
[2026-07-04 23:55:00]: Added  : "Orion-7.app\Contents\Frameworks\Electron Framework.framework\Versions\A\Resources\es_419.lproj" 0 KB ,Flags: 64
[2026-07-04 23:55:00]: Added  : "Orion-7.app\Contents\Frameworks\Electron Framework.framework\Versions\A\Resources\es_419.lproj\locale.pak" 672 KB 
[2026-07-04 23:55:00]: Added  : "Orion-7.app\Contents\Frameworks\Electron Framework.framework\Versions\A\Resources\es_419_FEMININE.lproj" 0 KB ,Flags: 64
[2026-07-04 23:55:00]: Added  : "Orion-7.app\Contents\Frameworks\Electron Framework.framework\Versions\A\Resources\es_419_FEMININE.lproj\locale.pak" 1 KB 
[2026-07-04 23:55:00]: Added  : "Orion-7.app\Contents\Frameworks\Electron Framework.framework\Versions\A\Resources\es_419_MASCULINE.lproj" 0 KB ,Flags: 64
[2026-07-04 23:55:00]: Added  : "Orion-7.app\Contents\Frameworks\Electron Framework.framework\Versions\A\Resources\es_419_MASCULINE.lproj\locale.pak" 1 KB 
[2026-07-04 23:55:00]: Added  : "Orion-7.app\Contents\Frameworks\Electron Framework.framework\Versions\A\Resources\es_419_NEUTER.lproj" 0 KB ,Flags: 64
[2026-07-04 23:55:00]: Added  : "Orion-7.app\Contents\Frameworks\Electron Framework.framework\Versions\A\Resources\es_419_NEUTER.lproj\locale.pak" 1 KB 
[2026-07-04 23:55:00]: Added  : "Orion-7.app\Contents\Frameworks\Electron Framework.framework\Versions\A\Resources\es_FEMININE.lproj" 0 KB ,Flags: 64
[2026-07-04 23:55:00]: Added  : "Orion-7.app\Contents\Frameworks\Electron Framework.framework\Versions\A\Resources\es_FEMININE.lproj\locale.pak" 1 KB 
[2026-07-04 23:55:00]: Added  : "Orion-7.app\Contents\Frameworks\Electron Framework.framework\Versions\A\Resources\es_MASCULINE.lproj" 0 KB ,Flags: 64
[2026-07-04 23:55:00]: Added  : "Orion-7.app\Contents\Frameworks\Electron Framework.framework\Versions\A\Resources\es_MASCULINE.lproj\locale.pak" 1 KB 
[2026-07-04 23:55:00]: Added  : "Orion-7.app\Contents\Frameworks\Electron Framework.framework\Versions\A\Resources\es_NEUTER.lproj" 0 KB ,Flags: 64
[2026-07-04 23:55:00]: Added  : "Orion-7.app\Contents\Frameworks\Electron Framework.framework\Versions\A\Resources\es_NEUTER.lproj\locale.pak" 1 KB 
[2026-07-04 23:55:00]: Added  : "Orion-7.app\Contents\Frameworks\Electron Framework.framework\Versions\A\Resources\et.lproj" 0 KB ,Flags: 64
[2026-07-04 23:55:00]: Added  : "Orion-7.app\Contents\Frameworks\Electron Framework.framework\Versions\A\Resources\et.lproj\locale.pak" 610 KB 
[2026-07-04 23:55:00]: Added  : "Orion-7.app\Contents\Frameworks\Electron Framework.framework\Versions\A\Resources\et_FEMININE.lproj" 0 KB ,Flags: 64
[2026-07-04 23:55:00]: Added  : "Orion-7.app\Contents\Frameworks\Electron Framework.framework\Versions\A\Resources\et_FEMININE.lproj\locale.pak" 1 KB 
[2026-07-04 23:55:00]: Added  : "Orion-7.app\Contents\Frameworks\Electron Framework.framework\Versions\A\Resources\et_MASCULINE.lproj" 0 KB ,Flags: 64
[2026-07-04 23:55:00]: Added  : "Orion-7.app\Contents\Frameworks\Electron Framework.framework\Versions\A\Resources\et_MASCULINE.lproj\locale.pak" 1 KB 
[2026-07-04 23:55:00]: Added  : "Orion-7.app\Contents\Frameworks\Electron Framework.framework\Versions\A\Resources\et_NEUTER.lproj" 0 KB ,Flags: 64
[2026-07-04 23:55:00]: Added  : "Orion-7.app\Contents\Frameworks\Electron Framework.framework\Versions\A\Resources\et_NEUTER.lproj\locale.pak" 1 KB 
[2026-07-04 23:55:00]: Added  : "Orion-7.app\Contents\Frameworks\Electron Framework.framework\Versions\A\Resources\fa.lproj" 0 KB ,Flags: 64
[2026-07-04 23:55:00]: Added  : "Orion-7.app\Contents\Frameworks\Electron Framework.framework\Versions\A\Resources\fa.lproj\locale.pak" 1010 KB 
[2026-07-04 23:55:00]: Added  : "Orion-7.app\Contents\Frameworks\Electron Framework.framework\Versions\A\Resources\fa_FEMININE.lproj" 0 KB ,Flags: 64
[2026-07-04 23:55:00]: Added  : "Orion-7.app\Contents\Frameworks\Electron Framework.framework\Versions\A\Resources\fa_FEMININE.lproj\locale.pak" 1 KB 
[2026-07-04 23:55:00]: Added  : "Orion-7.app\Contents\Frameworks\Electron Framework.framework\Versions\A\Resources\fa_MASCULINE.lproj" 0 KB ,Flags: 64
[2026-07-04 23:55:00]: Added  : "Orion-7.app\Contents\Frameworks\Electron Framework.framework\Versions\A\Resources\fa_MASCULINE.lproj\locale.pak" 1 KB 
[2026-07-04 23:55:00]: Added  : "Orion-7.app\Contents\Frameworks\Electron Framework.framework\Versions\A\Resources\fa_NEUTER.lproj" 0 KB ,Flags: 64
[2026-07-04 23:55:00]: Added  : "Orion-7.app\Contents\Frameworks\Electron Framework.framework\Versions\A\Resources\fa_NEUTER.lproj\locale.pak" 1 KB 
[2026-07-04 23:55:00]: Added  : "Orion-7.app\Contents\Frameworks\Electron Framework.framework\Versions\A\Resources\fi.lproj" 0 KB ,Flags: 64
[2026-07-04 23:55:00]: Added  : "Orion-7.app\Contents\Frameworks\Electron Framework.framework\Versions\A\Resources\fi.lproj\locale.pak" 621 KB 
[2026-07-04 23:55:00]: Added  : "Orion-7.app\Contents\Frameworks\Electron Framework.framework\Versions\A\Resources\fil.lproj" 0 KB ,Flags: 64
[2026-07-04 23:55:00]: Added  : "Orion-7.app\Contents\Frameworks\Electron Framework.framework\Versions\A\Resources\fil.lproj\locale.pak" 705 KB 
[2026-07-04 23:55:00]: Added  : "Orion-7.app\Contents\Frameworks\Electron Framework.framework\Versions\A\Resources\fil_FEMININE.lproj" 0 KB ,Flags: 64
[2026-07-04 23:55:00]: Added  : "Orion-7.app\Contents\Frameworks\Electron Framework.framework\Versions\A\Resources\fil_FEMININE.lproj\locale.pak" 1 KB 
[2026-07-04 23:55:00]: Added  : "Orion-7.app\Contents\Frameworks\Electron Framework.framework\Versions\A\Resources\fil_MASCULINE.lproj" 0 KB ,Flags: 64
[2026-07-04 23:55:00]: Added  : "Orion-7.app\Contents\Frameworks\Electron Framework.framework\Versions\A\Resources\fil_MASCULINE.lproj\locale.pak" 1 KB 
[2026-07-04 23:55:00]: Added  : "Orion-7.app\Contents\Frameworks\Electron Framework.framework\Versions\A\Resources\fil_NEUTER.lproj" 0 KB ,Flags: 64
[2026-07-04 23:55:00]: Added  : "Orion-7.app\Contents\Frameworks\Electron Framework.framework\Versions\A\Resources\fil_NEUTER.lproj\locale.pak" 1 KB 
[2026-07-04 23:55:00]: Added  : "Orion-7.app\Contents\Frameworks\Electron Framework.framework\Versions\A\Resources\fi_FEMININE.lproj" 0 KB ,Flags: 64
[2026-07-04 23:55:00]: Added  : "Orion-7.app\Contents\Frameworks\Electron Framework.framework\Versions\A\Resources\fi_FEMININE.lproj\locale.pak" 1 KB 
[2026-07-04 23:55:00]: Added  : "Orion-7.app\Contents\Frameworks\Electron Framework.framework\Versions\A\Resources\fi_MASCULINE.lproj" 0 KB ,Flags: 64
[2026-07-04 23:55:00]: Added  : "Orion-7.app\Contents\Frameworks\Electron Framework.framework\Versions\A\Resources\fi_MASCULINE.lproj\locale.pak" 1 KB 
[2026-07-04 23:55:00]: Added  : "Orion-7.app\Contents\Frameworks\Electron Framework.framework\Versions\A\Resources\fi_NEUTER.lproj" 0 KB ,Flags: 64
[2026-07-04 23:55:00]: Added  : "Orion-7.app\Contents\Frameworks\Electron Framework.framework\Versions\A\Resources\fi_NEUTER.lproj\locale.pak" 1 KB 
[2026-07-04 23:55:00]: Added  : "Orion-7.app\Contents\Frameworks\Electron Framework.framework\Versions\A\Resources\fr.lproj" 0 KB ,Flags: 64
[2026-07-04 23:55:00]: Added  : "Orion-7.app\Contents\Frameworks\Electron Framework.framework\Versions\A\Resources\fr.lproj\locale.pak" 726 KB 
[2026-07-04 23:55:00]: Added  : "Orion-7.app\Contents\Frameworks\Electron Framework.framework\Versions\A\Resources\fr_FEMININE.lproj" 0 KB ,Flags: 64
[2026-07-04 23:55:00]: Added  : "Orion-7.app\Contents\Frameworks\Electron Framework.framework\Versions\A\Resources\fr_FEMININE.lproj\locale.pak" 1 KB 
[2026-07-04 23:55:00]: Added  : "Orion-7.app\Contents\Frameworks\Electron Framework.framework\Versions\A\Resources\fr_MASCULINE.lproj" 0 KB ,Flags: 64
[2026-07-04 23:55:00]: Added  : "Orion-7.app\Contents\Frameworks\Electron Framework.framework\Versions\A\Resources\fr_MASCULINE.lproj\locale.pak" 1 KB 
[2026-07-04 23:55:00]: Added  : "Orion-7.app\Contents\Frameworks\Electron Framework.framework\Versions\A\Resources\fr_NEUTER.lproj" 0 KB ,Flags: 64
[2026-07-04 23:55:00]: Added  : "Orion-7.app\Contents\Frameworks\Electron Framework.framework\Versions\A\Resources\fr_NEUTER.lproj\locale.pak" 1 KB 
[2026-07-04 23:55:00]: Added  : "Orion-7.app\Contents\Frameworks\Electron Framework.framework\Versions\A\Resources\gu.lproj" 0 KB ,Flags: 64
[2026-07-04 23:55:00]: Added  : "Orion-7.app\Contents\Frameworks\Electron Framework.framework\Versions\A\Resources\gu.lproj\locale.pak" 1420 KB 
[2026-07-04 23:55:00]: Added  : "Orion-7.app\Contents\Frameworks\Electron Framework.framework\Versions\A\Resources\gu_FEMININE.lproj" 0 KB ,Flags: 64
[2026-07-04 23:55:00]: Added  : "Orion-7.app\Contents\Frameworks\Electron Framework.framework\Versions\A\Resources\gu_FEMININE.lproj\locale.pak" 1 KB 
[2026-07-04 23:55:00]: Added  : "Orion-7.app\Contents\Frameworks\Electron Framework.framework\Versions\A\Resources\gu_MASCULINE.lproj" 0 KB ,Flags: 64
[2026-07-04 23:55:00]: Added  : "Orion-7.app\Contents\Frameworks\Electron Framework.framework\Versions\A\Resources\gu_MASCULINE.lproj\locale.pak" 1 KB 
[2026-07-04 23:55:00]: Added  : "Orion-7.app\Contents\Frameworks\Electron Framework.framework\Versions\A\Resources\gu_NEUTER.lproj" 0 KB ,Flags: 64
[2026-07-04 23:55:00]: Added  : "Orion-7.app\Contents\Frameworks\Electron Framework.framework\Versions\A\Resources\gu_NEUTER.lproj\locale.pak" 1 KB 
[2026-07-04 23:55:00]: Added  : "Orion-7.app\Contents\Frameworks\Electron Framework.framework\Versions\A\Resources\he.lproj" 0 KB ,Flags: 64
[2026-07-04 23:55:00]: Added  : "Orion-7.app\Contents\Frameworks\Electron Framework.framework\Versions\A\Resources\he.lproj\locale.pak" 883 KB 
[2026-07-04 23:55:00]: Added  : "Orion-7.app\Contents\Frameworks\Electron Framework.framework\Versions\A\Resources\he_FEMININE.lproj" 0 KB ,Flags: 64
[2026-07-04 23:55:00]: Added  : "Orion-7.app\Contents\Frameworks\Electron Framework.framework\Versions\A\Resources\he_FEMININE.lproj\locale.pak" 1 KB 
[2026-07-04 23:55:00]: Added  : "Orion-7.app\Contents\Frameworks\Electron Framework.framework\Versions\A\Resources\he_MASCULINE.lproj" 0 KB ,Flags: 64
[2026-07-04 23:55:00]: Added  : "Orion-7.app\Contents\Frameworks\Electron Framework.framework\Versions\A\Resources\he_MASCULINE.lproj\locale.pak" 1 KB 
[2026-07-04 23:55:00]: Added  : "Orion-7.app\Contents\Frameworks\Electron Framework.framework\Versions\A\Resources\he_NEUTER.lproj" 0 KB ,Flags: 64
[2026-07-04 23:55:00]: Added  : "Orion-7.app\Contents\Frameworks\Electron Framework.framework\Versions\A\Resources\he_NEUTER.lproj\locale.pak" 1 KB 
[2026-07-04 23:55:00]: Added  : "Orion-7.app\Contents\Frameworks\Electron Framework.framework\Versions\A\Resources\hi.lproj" 0 KB ,Flags: 64
[2026-07-04 23:55:00]: Added  : "Orion-7.app\Contents\Frameworks\Electron Framework.framework\Versions\A\Resources\hi.lproj\locale.pak" 1504 KB 
[2026-07-04 23:55:00]: Added  : "Orion-7.app\Contents\Frameworks\Electron Framework.framework\Versions\A\Resources\hi_FEMININE.lproj" 0 KB ,Flags: 64
[2026-07-04 23:55:00]: Added  : "Orion-7.app\Contents\Frameworks\Electron Framework.framework\Versions\A\Resources\hi_FEMININE.lproj\locale.pak" 1 KB 
[2026-07-04 23:55:00]: Added  : "Orion-7.app\Contents\Frameworks\Electron Framework.framework\Versions\A\Resources\hi_MASCULINE.lproj" 0 KB ,Flags: 64
[2026-07-04 23:55:00]: Added  : "Orion-7.app\Contents\Frameworks\Electron Framework.framework\Versions\A\Resources\hi_MASCULINE.lproj\locale.pak" 1 KB 
[2026-07-04 23:55:00]: Added  : "Orion-7.app\Contents\Frameworks\Electron Framework.framework\Versions\A\Resources\hi_NEUTER.lproj" 0 KB ,Flags: 64
[2026-07-04 23:55:00]: Added  : "Orion-7.app\Contents\Frameworks\Electron Framework.framework\Versions\A\Resources\hi_NEUTER.lproj\locale.pak" 1 KB 
[2026-07-04 23:55:00]: Added  : "Orion-7.app\Contents\Frameworks\Electron Framework.framework\Versions\A\Resources\hr.lproj" 0 KB ,Flags: 64
[2026-07-04 23:55:00]: Added  : "Orion-7.app\Contents\Frameworks\Electron Framework.framework\Versions\A\Resources\hr.lproj\locale.pak" 679 KB 
[2026-07-04 23:55:00]: Added  : "Orion-7.app\Contents\Frameworks\Electron Framework.framework\Versions\A\Resources\hr_FEMININE.lproj" 0 KB ,Flags: 64
[2026-07-04 23:55:00]: Added  : "Orion-7.app\Contents\Frameworks\Electron Framework.framework\Versions\A\Resources\hr_FEMININE.lproj\locale.pak" 1 KB 
[2026-07-04 23:55:00]: Added  : "Orion-7.app\Contents\Frameworks\Electron Framework.framework\Versions\A\Resources\hr_MASCULINE.lproj" 0 KB ,Flags: 64
[2026-07-04 23:55:00]: Added  : "Orion-7.app\Contents\Frameworks\Electron Framework.framework\Versions\A\Resources\hr_MASCULINE.lproj\locale.pak" 1 KB 
[2026-07-04 23:55:00]: Added  : "Orion-7.app\Contents\Frameworks\Electron Framework.framework\Versions\A\Resources\hr_NEUTER.lproj" 0 KB ,Flags: 64
[2026-07-04 23:55:00]: Added  : "Orion-7.app\Contents\Frameworks\Electron Framework.framework\Versions\A\Resources\hr_NEUTER.lproj\locale.pak" 1 KB 
[2026-07-04 23:55:00]: Added  : "Orion-7.app\Contents\Frameworks\Electron Framework.framework\Versions\A\Resources\hu.lproj" 0 KB ,Flags: 64
[2026-07-04 23:55:00]: Added  : "Orion-7.app\Contents\Frameworks\Electron Framework.framework\Versions\A\Resources\hu.lproj\locale.pak" 727 KB 
[2026-07-04 23:55:00]: Added  : "Orion-7.app\Contents\Frameworks\Electron Framework.framework\Versions\A\Resources\hu_FEMININE.lproj" 0 KB ,Flags: 64
[2026-07-04 23:55:00]: Added  : "Orion-7.app\Contents\Frameworks\Electron Framework.framework\Versions\A\Resources\hu_FEMININE.lproj\locale.pak" 1 KB 
[2026-07-04 23:55:00]: Added  : "Orion-7.app\Contents\Frameworks\Electron Framework.framework\Versions\A\Resources\hu_MASCULINE.lproj" 0 KB ,Flags: 64
[2026-07-04 23:55:00]: Added  : "Orion-7.app\Contents\Frameworks\Electron Framework.framework\Versions\A\Resources\hu_MASCULINE.lproj\locale.pak" 1 KB 
[2026-07-04 23:55:00]: Added  : "Orion-7.app\Contents\Frameworks\Electron Framework.framework\Versions\A\Resources\hu_NEUTER.lproj" 0 KB ,Flags: 64
[2026-07-04 23:55:00]: Added  : "Orion-7.app\Contents\Frameworks\Electron Framework.framework\Versions\A\Resources\hu_NEUTER.lproj\locale.pak" 1 KB 
[2026-07-04 23:55:00]: Added  : "Orion-7.app\Contents\Frameworks\Electron Framework.framework\Versions\A\Resources\icudtl.dat" 10622 KB 
[2026-07-04 23:55:00]: Added  : "Orion-7.app\Contents\Frameworks\Electron Framework.framework\Versions\A\Resources\id.lproj" 0 KB ,Flags: 64
[2026-07-04 23:55:00]: Added  : "Orion-7.app\Contents\Frameworks\Electron Framework.framework\Versions\A\Resources\id.lproj\locale.pak" 603 KB 
[2026-07-04 23:55:00]: Added  : "Orion-7.app\Contents\Frameworks\Electron Framework.framework\Versions\A\Resources\id_FEMININE.lproj" 0 KB ,Flags: 64
[2026-07-04 23:55:00]: Added  : "Orion-7.app\Contents\Frameworks\Electron Framework.framework\Versions\A\Resources\id_FEMININE.lproj\locale.pak" 1 KB 
[2026-07-04 23:55:00]: Added  : "Orion-7.app\Contents\Frameworks\Electron Framework.framework\Versions\A\Resources\id_MASCULINE.lproj" 0 KB ,Flags: 64
[2026-07-04 23:55:00]: Added  : "Orion-7.app\Contents\Frameworks\Electron Framework.framework\Versions\A\Resources\id_MASCULINE.lproj\locale.pak" 1 KB 
[2026-07-04 23:55:00]: Added  : "Orion-7.app\Contents\Frameworks\Electron Framework.framework\Versions\A\Resources\id_NEUTER.lproj" 0 KB ,Flags: 64
[2026-07-04 23:55:00]: Added  : "Orion-7.app\Contents\Frameworks\Electron Framework.framework\Versions\A\Resources\id_NEUTER.lproj\locale.pak" 1 KB 
[2026-07-04 23:55:00]: Added  : "Orion-7.app\Contents\Frameworks\Electron Framework.framework\Versions\A\Resources\Info.plist" 1 KB 
[2026-07-04 23:55:00]: Added  : "Orion-7.app\Contents\Frameworks\Electron Framework.framework\Versions\A\Resources\it.lproj" 0 KB ,Flags: 64
[2026-07-04 23:55:00]: Added  : "Orion-7.app\Contents\Frameworks\Electron Framework.framework\Versions\A\Resources\it.lproj\locale.pak" 657 KB 
[2026-07-04 23:55:00]: Added  : "Orion-7.app\Contents\Frameworks\Electron Framework.framework\Versions\A\Resources\it_FEMININE.lproj" 0 KB ,Flags: 64
[2026-07-04 23:55:00]: Added  : "Orion-7.app\Contents\Frameworks\Electron Framework.framework\Versions\A\Resources\it_FEMININE.lproj\locale.pak" 1 KB 
[2026-07-04 23:55:00]: Added  : "Orion-7.app\Contents\Frameworks\Electron Framework.framework\Versions\A\Resources\it_MASCULINE.lproj" 0 KB ,Flags: 64
[2026-07-04 23:55:00]: Added  : "Orion-7.app\Contents\Frameworks\Electron Framework.framework\Versions\A\Resources\it_MASCULINE.lproj\locale.pak" 1 KB 
[2026-07-04 23:55:00]: Added  : "Orion-7.app\Contents\Frameworks\Electron Framework.framework\Versions\A\Resources\it_NEUTER.lproj" 0 KB ,Flags: 64
[2026-07-04 23:55:00]: Added  : "Orion-7.app\Contents\Frameworks\Electron Framework.framework\Versions\A\Resources\it_NEUTER.lproj\locale.pak" 1 KB 
[2026-07-04 23:55:00]: Added  : "Orion-7.app\Contents\Frameworks\Electron Framework.framework\Versions\A\Resources\ja.lproj" 0 KB ,Flags: 64
[2026-07-04 23:55:00]: Added  : "Orion-7.app\Contents\Frameworks\Electron Framework.framework\Versions\A\Resources\ja.lproj\locale.pak" 800 KB 
[2026-07-04 23:55:00]: Added  : "Orion-7.app\Contents\Frameworks\Electron Framework.framework\Versions\A\Resources\ja_FEMININE.lproj" 0 KB ,Flags: 64
[2026-07-04 23:55:00]: Added  : "Orion-7.app\Contents\Frameworks\Electron Framework.framework\Versions\A\Resources\ja_FEMININE.lproj\locale.pak" 1 KB 
[2026-07-04 23:55:00]: Added  : "Orion-7.app\Contents\Frameworks\Electron Framework.framework\Versions\A\Resources\ja_MASCULINE.lproj" 0 KB ,Flags: 64
[2026-07-04 23:55:00]: Added  : "Orion-7.app\Contents\Frameworks\Electron Framework.framework\Versions\A\Resources\ja_MASCULINE.lproj\locale.pak" 1 KB 
[2026-07-04 23:55:00]: Added  : "Orion-7.app\Contents\Frameworks\Electron Framework.framework\Versions\A\Resources\ja_NEUTER.lproj" 0 KB ,Flags: 64
[2026-07-04 23:55:00]: Added  : "Orion-7.app\Contents\Frameworks\Electron Framework.framework\Versions\A\Resources\ja_NEUTER.lproj\locale.pak" 1 KB 
[2026-07-04 23:55:00]: Added  : "Orion-7.app\Contents\Frameworks\Electron Framework.framework\Versions\A\Resources\kn.lproj" 0 KB ,Flags: 64
[2026-07-04 23:55:00]: Added  : "Orion-7.app\Contents\Frameworks\Electron Framework.framework\Versions\A\Resources\kn.lproj\locale.pak" 1634 KB 
[2026-07-04 23:55:00]: Added  : "Orion-7.app\Contents\Frameworks\Electron Framework.framework\Versions\A\Resources\kn_FEMININE.lproj" 0 KB ,Flags: 64
[2026-07-04 23:55:00]: Added  : "Orion-7.app\Contents\Frameworks\Electron Framework.framework\Versions\A\Resources\kn_FEMININE.lproj\locale.pak" 1 KB 
[2026-07-04 23:55:00]: Added  : "Orion-7.app\Contents\Frameworks\Electron Framework.framework\Versions\A\Resources\kn_MASCULINE.lproj" 0 KB ,Flags: 64
[2026-07-04 23:55:00]: Added  : "Orion-7.app\Contents\Frameworks\Electron Framework.framework\Versions\A\Resources\kn_MASCULINE.lproj\locale.pak" 1 KB 
[2026-07-04 23:55:00]: Added  : "Orion-7.app\Contents\Frameworks\Electron Framework.framework\Versions\A\Resources\kn_NEUTER.lproj" 0 KB ,Flags: 64
[2026-07-04 23:55:00]: Added  : "Orion-7.app\Contents\Frameworks\Electron Framework.framework\Versions\A\Resources\kn_NEUTER.lproj\locale.pak" 1 KB 
[2026-07-04 23:55:00]: Added  : "Orion-7.app\Contents\Frameworks\Electron Framework.framework\Versions\A\Resources\ko.lproj" 0 KB ,Flags: 64
[2026-07-04 23:55:00]: Added  : "Orion-7.app\Contents\Frameworks\Electron Framework.framework\Versions\A\Resources\ko.lproj\locale.pak" 680 KB 
[2026-07-04 23:55:00]: Added  : "Orion-7.app\Contents\Frameworks\Electron Framework.framework\Versions\A\Resources\ko_FEMININE.lproj" 0 KB ,Flags: 64
[2026-07-04 23:55:00]: Added  : "Orion-7.app\Contents\Frameworks\Electron Framework.framework\Versions\A\Resources\ko_FEMININE.lproj\locale.pak" 1 KB 
[2026-07-04 23:55:00]: Added  : "Orion-7.app\Contents\Frameworks\Electron Framework.framework\Versions\A\Resources\ko_MASCULINE.lproj" 0 KB ,Flags: 64
[2026-07-04 23:55:00]: Added  : "Orion-7.app\Contents\Frameworks\Electron Framework.framework\Versions\A\Resources\ko_MASCULINE.lproj\locale.pak" 1 KB 
[2026-07-04 23:55:00]: Added  : "Orion-7.app\Contents\Frameworks\Electron Framework.framework\Versions\A\Resources\ko_NEUTER.lproj" 0 KB ,Flags: 64
[2026-07-04 23:55:00]: Added  : "Orion-7.app\Contents\Frameworks\Electron Framework.framework\Versions\A\Resources\ko_NEUTER.lproj\locale.pak" 1 KB 
[2026-07-04 23:55:00]: Added  : "Orion-7.app\Contents\Frameworks\Electron Framework.framework\Versions\A\Resources\lt.lproj" 0 KB ,Flags: 64
[2026-07-04 23:55:00]: Added  : "Orion-7.app\Contents\Frameworks\Electron Framework.framework\Versions\A\Resources\lt.lproj\locale.pak" 740 KB 
[2026-07-04 23:55:00]: Added  : "Orion-7.app\Contents\Frameworks\Electron Framework.framework\Versions\A\Resources\lt_FEMININE.lproj" 0 KB ,Flags: 64
[2026-07-04 23:55:00]: Added  : "Orion-7.app\Contents\Frameworks\Electron Framework.framework\Versions\A\Resources\lt_FEMININE.lproj\locale.pak" 1 KB 
[2026-07-04 23:55:00]: Added  : "Orion-7.app\Contents\Frameworks\Electron Framework.framework\Versions\A\Resources\lt_MASCULINE.lproj" 0 KB ,Flags: 64
[2026-07-04 23:55:00]: Added  : "Orion-7.app\Contents\Frameworks\Electron Framework.framework\Versions\A\Resources\lt_MASCULINE.lproj\locale.pak" 1 KB 
[2026-07-04 23:55:00]: Added  : "Orion-7.app\Contents\Frameworks\Electron Framework.framework\Versions\A\Resources\lt_NEUTER.lproj" 0 KB ,Flags: 64
[2026-07-04 23:55:00]: Added  : "Orion-7.app\Contents\Frameworks\Electron Framework.framework\Versions\A\Resources\lt_NEUTER.lproj\locale.pak" 1 KB 
[2026-07-04 23:55:00]: Added  : "Orion-7.app\Contents\Frameworks\Electron Framework.framework\Versions\A\Resources\lv.lproj" 0 KB ,Flags: 64
[2026-07-04 23:55:00]: Added  : "Orion-7.app\Contents\Frameworks\Electron Framework.framework\Versions\A\Resources\lv.lproj\locale.pak" 737 KB 
[2026-07-04 23:55:00]: Added  : "Orion-7.app\Contents\Frameworks\Electron Framework.framework\Versions\A\Resources\lv_FEMININE.lproj" 0 KB ,Flags: 64
[2026-07-04 23:55:00]: Added  : "Orion-7.app\Contents\Frameworks\Electron Framework.framework\Versions\A\Resources\lv_FEMININE.lproj\locale.pak" 1 KB 
[2026-07-04 23:55:00]: Added  : "Orion-7.app\Contents\Frameworks\Electron Framework.framework\Versions\A\Resources\lv_MASCULINE.lproj" 0 KB ,Flags: 64
[2026-07-04 23:55:00]: Added  : "Orion-7.app\Contents\Frameworks\Electron Framework.framework\Versions\A\Resources\lv_MASCULINE.lproj\locale.pak" 1 KB 
[2026-07-04 23:55:00]: Added  : "Orion-7.app\Contents\Frameworks\Electron Framework.framework\Versions\A\Resources\lv_NEUTER.lproj" 0 KB ,Flags: 64
[2026-07-04 23:55:00]: Added  : "Orion-7.app\Contents\Frameworks\Electron Framework.framework\Versions\A\Resources\lv_NEUTER.lproj\locale.pak" 1 KB 
[2026-07-04 23:55:00]: Added  : "Orion-7.app\Contents\Frameworks\Electron Framework.framework\Versions\A\Resources\MainMenu.nib" 2 KB 
[2026-07-04 23:55:00]: Added  : "Orion-7.app\Contents\Frameworks\Electron Framework.framework\Versions\A\Resources\ml.lproj" 0 KB ,Flags: 64
[2026-07-04 23:55:00]: Added  : "Orion-7.app\Contents\Frameworks\Electron Framework.framework\Versions\A\Resources\ml.lproj\locale.pak" 1682 KB 
[2026-07-04 23:55:00]: Added  : "Orion-7.app\Contents\Frameworks\Electron Framework.framework\Versions\A\Resources\ml_FEMININE.lproj" 0 KB ,Flags: 64
[2026-07-04 23:55:00]: Added  : "Orion-7.app\Contents\Frameworks\Electron Framework.framework\Versions\A\Resources\ml_FEMININE.lproj\locale.pak" 1 KB 
[2026-07-04 23:55:00]: Added  : "Orion-7.app\Contents\Frameworks\Electron Framework.framework\Versions\A\Resources\ml_MASCULINE.lproj" 0 KB ,Flags: 64
[2026-07-04 23:55:00]: Added  : "Orion-7.app\Contents\Frameworks\Electron Framework.framework\Versions\A\Resources\ml_MASCULINE.lproj\locale.pak" 1 KB 
[2026-07-04 23:55:00]: Added  : "Orion-7.app\Contents\Frameworks\Electron Framework.framework\Versions\A\Resources\ml_NEUTER.lproj" 0 KB ,Flags: 64
[2026-07-04 23:55:00]: Added  : "Orion-7.app\Contents\Frameworks\Electron Framework.framework\Versions\A\Resources\ml_NEUTER.lproj\locale.pak" 1 KB 
[2026-07-04 23:55:00]: Added  : "Orion-7.app\Contents\Frameworks\Electron Framework.framework\Versions\A\Resources\mr.lproj" 0 KB ,Flags: 64
[2026-07-04 23:55:00]: Added  : "Orion-7.app\Contents\Frameworks\Electron Framework.framework\Versions\A\Resources\mr.lproj\locale.pak" 1390 KB 
[2026-07-04 23:55:00]: Added  : "Orion-7.app\Contents\Frameworks\Electron Framework.framework\Versions\A\Resources\mr_FEMININE.lproj" 0 KB ,Flags: 64
[2026-07-04 23:55:00]: Added  : "Orion-7.app\Contents\Frameworks\Electron Framework.framework\Versions\A\Resources\mr_FEMININE.lproj\locale.pak" 1 KB 
[2026-07-04 23:55:00]: Added  : "Orion-7.app\Contents\Frameworks\Electron Framework.framework\Versions\A\Resources\mr_MASCULINE.lproj" 0 KB ,Flags: 64
[2026-07-04 23:55:00]: Added  : "Orion-7.app\Contents\Frameworks\Electron Framework.framework\Versions\A\Resources\mr_MASCULINE.lproj\locale.pak" 1 KB 
[2026-07-04 23:55:00]: Added  : "Orion-7.app\Contents\Frameworks\Electron Framework.framework\Versions\A\Resources\mr_NEUTER.lproj" 0 KB ,Flags: 64
[2026-07-04 23:55:00]: Added  : "Orion-7.app\Contents\Frameworks\Electron Framework.framework\Versions\A\Resources\mr_NEUTER.lproj\locale.pak" 1 KB 
[2026-07-04 23:55:00]: Added  : "Orion-7.app\Contents\Frameworks\Electron Framework.framework\Versions\A\Resources\ms.lproj" 0 KB ,Flags: 64
[2026-07-04 23:55:00]: Added  : "Orion-7.app\Contents\Frameworks\Electron Framework.framework\Versions\A\Resources\ms.lproj\locale.pak" 635 KB 
[2026-07-04 23:55:00]: Added  : "Orion-7.app\Contents\Frameworks\Electron Framework.framework\Versions\A\Resources\ms_FEMININE.lproj" 0 KB ,Flags: 64
[2026-07-04 23:55:00]: Added  : "Orion-7.app\Contents\Frameworks\Electron Framework.framework\Versions\A\Resources\ms_FEMININE.lproj\locale.pak" 1 KB 
[2026-07-04 23:55:00]: Added  : "Orion-7.app\Contents\Frameworks\Electron Framework.framework\Versions\A\Resources\ms_MASCULINE.lproj" 0 KB ,Flags: 64
[2026-07-04 23:55:00]: Added  : "Orion-7.app\Contents\Frameworks\Electron Framework.framework\Versions\A\Resources\ms_MASCULINE.lproj\locale.pak" 1 KB 
[2026-07-04 23:55:00]: Added  : "Orion-7.app\Contents\Frameworks\Electron Framework.framework\Versions\A\Resources\ms_NEUTER.lproj" 0 KB ,Flags: 64
[2026-07-04 23:55:00]: Added  : "Orion-7.app\Contents\Frameworks\Electron Framework.framework\Versions\A\Resources\ms_NEUTER.lproj\locale.pak" 1 KB 
[2026-07-04 23:55:00]: Added  : "Orion-7.app\Contents\Frameworks\Electron Framework.framework\Versions\A\Resources\nb.lproj" 0 KB ,Flags: 64
[2026-07-04 23:55:00]: Added  : "Orion-7.app\Contents\Frameworks\Electron Framework.framework\Versions\A\Resources\nb.lproj\locale.pak" 605 KB 
[2026-07-04 23:55:00]: Added  : "Orion-7.app\Contents\Frameworks\Electron Framework.framework\Versions\A\Resources\nb_FEMININE.lproj" 0 KB ,Flags: 64
[2026-07-04 23:55:00]: Added  : "Orion-7.app\Contents\Frameworks\Electron Framework.framework\Versions\A\Resources\nb_FEMININE.lproj\locale.pak" 1 KB 
[2026-07-04 23:55:00]: Added  : "Orion-7.app\Contents\Frameworks\Electron Framework.framework\Versions\A\Resources\nb_MASCULINE.lproj" 0 KB ,Flags: 64
[2026-07-04 23:55:00]: Added  : "Orion-7.app\Contents\Frameworks\Electron Framework.framework\Versions\A\Resources\nb_MASCULINE.lproj\locale.pak" 1 KB 
[2026-07-04 23:55:00]: Added  : "Orion-7.app\Contents\Frameworks\Electron Framework.framework\Versions\A\Resources\nb_NEUTER.lproj" 0 KB ,Flags: 64
[2026-07-04 23:55:00]: Added  : "Orion-7.app\Contents\Frameworks\Electron Framework.framework\Versions\A\Resources\nb_NEUTER.lproj\locale.pak" 1 KB 
[2026-07-04 23:55:00]: Added  : "Orion-7.app\Contents\Frameworks\Electron Framework.framework\Versions\A\Resources\nl.lproj" 0 KB ,Flags: 64
[2026-07-04 23:55:00]: Added  : "Orion-7.app\Contents\Frameworks\Electron Framework.framework\Versions\A\Resources\nl.lproj\locale.pak" 631 KB 
[2026-07-04 23:55:00]: Added  : "Orion-7.app\Contents\Frameworks\Electron Framework.framework\Versions\A\Resources\nl_FEMININE.lproj" 0 KB ,Flags: 64
[2026-07-04 23:55:00]: Added  : "Orion-7.app\Contents\Frameworks\Electron Framework.framework\Versions\A\Resources\nl_FEMININE.lproj\locale.pak" 1 KB 
[2026-07-04 23:55:00]: Added  : "Orion-7.app\Contents\Frameworks\Electron Framework.framework\Versions\A\Resources\nl_MASCULINE.lproj" 0 KB ,Flags: 64
[2026-07-04 23:55:00]: Added  : "Orion-7.app\Contents\Frameworks\Electron Framework.framework\Versions\A\Resources\nl_MASCULINE.lproj\locale.pak" 1 KB 
[2026-07-04 23:55:00]: Added  : "Orion-7.app\Contents\Frameworks\Electron Framework.framework\Versions\A\Resources\nl_NEUTER.lproj" 0 KB ,Flags: 64
[2026-07-04 23:55:00]: Added  : "Orion-7.app\Contents\Frameworks\Electron Framework.framework\Versions\A\Resources\nl_NEUTER.lproj\locale.pak" 1 KB 
[2026-07-04 23:55:00]: Added  : "Orion-7.app\Contents\Frameworks\Electron Framework.framework\Versions\A\Resources\pl.lproj" 0 KB ,Flags: 64
[2026-07-04 23:55:00]: Added  : "Orion-7.app\Contents\Frameworks\Electron Framework.framework\Versions\A\Resources\pl.lproj\locale.pak" 706 KB 
[2026-07-04 23:55:00]: Added  : "Orion-7.app\Contents\Frameworks\Electron Framework.framework\Versions\A\Resources\pl_FEMININE.lproj" 0 KB ,Flags: 64
[2026-07-04 23:55:00]: Added  : "Orion-7.app\Contents\Frameworks\Electron Framework.framework\Versions\A\Resources\pl_FEMININE.lproj\locale.pak" 1 KB 
[2026-07-04 23:55:00]: Added  : "Orion-7.app\Contents\Frameworks\Electron Framework.framework\Versions\A\Resources\pl_MASCULINE.lproj" 0 KB ,Flags: 64
[2026-07-04 23:55:00]: Added  : "Orion-7.app\Contents\Frameworks\Electron Framework.framework\Versions\A\Resources\pl_MASCULINE.lproj\locale.pak" 1 KB 
[2026-07-04 23:55:00]: Added  : "Orion-7.app\Contents\Frameworks\Electron Framework.framework\Versions\A\Resources\pl_NEUTER.lproj" 0 KB ,Flags: 64
[2026-07-04 23:55:00]: Added  : "Orion-7.app\Contents\Frameworks\Electron Framework.framework\Versions\A\Resources\pl_NEUTER.lproj\locale.pak" 1 KB 
[2026-07-04 23:55:00]: Added  : "Orion-7.app\Contents\Frameworks\Electron Framework.framework\Versions\A\Resources\pt_BR.lproj" 0 KB ,Flags: 64
[2026-07-04 23:55:00]: Added  : "Orion-7.app\Contents\Frameworks\Electron Framework.framework\Versions\A\Resources\pt_BR.lproj\locale.pak" 662 KB 
[2026-07-04 23:55:00]: Added  : "Orion-7.app\Contents\Frameworks\Electron Framework.framework\Versions\A\Resources\pt_BR_FEMININE.lproj" 0 KB ,Flags: 64
[2026-07-04 23:55:00]: Added  : "Orion-7.app\Contents\Frameworks\Electron Framework.framework\Versions\A\Resources\pt_BR_FEMININE.lproj\locale.pak" 1 KB 
[2026-07-04 23:55:00]: Added  : "Orion-7.app\Contents\Frameworks\Electron Framework.framework\Versions\A\Resources\pt_BR_MASCULINE.lproj" 0 KB ,Flags: 64
[2026-07-04 23:55:00]: Added  : "Orion-7.app\Contents\Frameworks\Electron Framework.framework\Versions\A\Resources\pt_BR_MASCULINE.lproj\locale.pak" 1 KB 
[2026-07-04 23:55:00]: Added  : "Orion-7.app\Contents\Frameworks\Electron Framework.framework\Versions\A\Resources\pt_BR_NEUTER.lproj" 0 KB ,Flags: 64
[2026-07-04 23:55:00]: Added  : "Orion-7.app\Contents\Frameworks\Electron Framework.framework\Versions\A\Resources\pt_BR_NEUTER.lproj\locale.pak" 1 KB 
[2026-07-04 23:55:00]: Added  : "Orion-7.app\Contents\Frameworks\Electron Framework.framework\Versions\A\Resources\pt_PT.lproj" 0 KB ,Flags: 64
[2026-07-04 23:55:00]: Added  : "Orion-7.app\Contents\Frameworks\Electron Framework.framework\Versions\A\Resources\pt_PT.lproj\locale.pak" 665 KB 
[2026-07-04 23:55:00]: Added  : "Orion-7.app\Contents\Frameworks\Electron Framework.framework\Versions\A\Resources\pt_PT_FEMININE.lproj" 0 KB ,Flags: 64
[2026-07-04 23:55:00]: Added  : "Orion-7.app\Contents\Frameworks\Electron Framework.framework\Versions\A\Resources\pt_PT_FEMININE.lproj\locale.pak" 1 KB 
[2026-07-04 23:55:00]: Added  : "Orion-7.app\Contents\Frameworks\Electron Framework.framework\Versions\A\Resources\pt_PT_MASCULINE.lproj" 0 KB ,Flags: 64
[2026-07-04 23:55:00]: Added  : "Orion-7.app\Contents\Frameworks\Electron Framework.framework\Versions\A\Resources\pt_PT_MASCULINE.lproj\locale.pak" 1 KB 
[2026-07-04 23:55:00]: Added  : "Orion-7.app\Contents\Frameworks\Electron Framework.framework\Versions\A\Resources\pt_PT_NEUTER.lproj" 0 KB ,Flags: 64
[2026-07-04 23:55:00]: Added  : "Orion-7.app\Contents\Frameworks\Electron Framework.framework\Versions\A\Resources\pt_PT_NEUTER.lproj\locale.pak" 1 KB 
[2026-07-04 23:55:00]: Added  : "Orion-7.app\Contents\Frameworks\Electron Framework.framework\Versions\A\Resources\resources.pak" 6708 KB 
[2026-07-04 23:55:00]: Added  : "Orion-7.app\Contents\Frameworks\Electron Framework.framework\Versions\A\Resources\ro.lproj" 0 KB ,Flags: 64
[2026-07-04 23:55:00]: Added  : "Orion-7.app\Contents\Frameworks\Electron Framework.framework\Versions\A\Resources\ro.lproj\locale.pak" 690 KB 
[2026-07-04 23:55:00]: Added  : "Orion-7.app\Contents\Frameworks\Electron Framework.framework\Versions\A\Resources\ro_FEMININE.lproj" 0 KB ,Flags: 64
[2026-07-04 23:55:00]: Added  : "Orion-7.app\Contents\Frameworks\Electron Framework.framework\Versions\A\Resources\ro_FEMININE.lproj\locale.pak" 1 KB 
[2026-07-04 23:55:00]: Added  : "Orion-7.app\Contents\Frameworks\Electron Framework.framework\Versions\A\Resources\ro_MASCULINE.lproj" 0 KB ,Flags: 64
[2026-07-04 23:55:00]: Added  : "Orion-7.app\Contents\Frameworks\Electron Framework.framework\Versions\A\Resources\ro_MASCULINE.lproj\locale.pak" 1 KB 
[2026-07-04 23:55:00]: Added  : "Orion-7.app\Contents\Frameworks\Electron Framework.framework\Versions\A\Resources\ro_NEUTER.lproj" 0 KB ,Flags: 64
[2026-07-04 23:55:00]: Added  : "Orion-7.app\Contents\Frameworks\Electron Framework.framework\Versions\A\Resources\ro_NEUTER.lproj\locale.pak" 1 KB 
[2026-07-04 23:55:00]: Added  : "Orion-7.app\Contents\Frameworks\Electron Framework.framework\Versions\A\Resources\ru.lproj" 0 KB ,Flags: 64
[2026-07-04 23:55:00]: Added  : "Orion-7.app\Contents\Frameworks\Electron Framework.framework\Versions\A\Resources\ru.lproj\locale.pak" 1145 KB 
[2026-07-04 23:55:00]: Added  : "Orion-7.app\Contents\Frameworks\Electron Framework.framework\Versions\A\Resources\ru_FEMININE.lproj" 0 KB ,Flags: 64
[2026-07-04 23:55:00]: Added  : "Orion-7.app\Contents\Frameworks\Electron Framework.framework\Versions\A\Resources\ru_FEMININE.lproj\locale.pak" 1 KB 
[2026-07-04 23:55:00]: Added  : "Orion-7.app\Contents\Frameworks\Electron Framework.framework\Versions\A\Resources\ru_MASCULINE.lproj" 0 KB ,Flags: 64
[2026-07-04 23:55:00]: Added  : "Orion-7.app\Contents\Frameworks\Electron Framework.framework\Versions\A\Resources\ru_MASCULINE.lproj\locale.pak" 1 KB 
[2026-07-04 23:55:00]: Added  : "Orion-7.app\Contents\Frameworks\Electron Framework.framework\Versions\A\Resources\ru_NEUTER.lproj" 0 KB ,Flags: 64
[2026-07-04 23:55:00]: Added  : "Orion-7.app\Contents\Frameworks\Electron Framework.framework\Versions\A\Resources\ru_NEUTER.lproj\locale.pak" 1 KB 
[2026-07-04 23:55:00]: Added  : "Orion-7.app\Contents\Frameworks\Electron Framework.framework\Versions\A\Resources\sk.lproj" 0 KB ,Flags: 64
[2026-07-04 23:55:00]: Added  : "Orion-7.app\Contents\Frameworks\Electron Framework.framework\Versions\A\Resources\sk.lproj\locale.pak" 718 KB 
[2026-07-04 23:55:00]: Added  : "Orion-7.app\Contents\Frameworks\Electron Framework.framework\Versions\A\Resources\sk_FEMININE.lproj" 0 KB ,Flags: 64
[2026-07-04 23:55:00]: Added  : "Orion-7.app\Contents\Frameworks\Electron Framework.framework\Versions\A\Resources\sk_FEMININE.lproj\locale.pak" 1 KB 
[2026-07-04 23:55:00]: Added  : "Orion-7.app\Contents\Frameworks\Electron Framework.framework\Versions\A\Resources\sk_MASCULINE.lproj" 0 KB ,Flags: 64
[2026-07-04 23:55:00]: Added  : "Orion-7.app\Contents\Frameworks\Electron Framework.framework\Versions\A\Resources\sk_MASCULINE.lproj\locale.pak" 1 KB 
[2026-07-04 23:55:00]: Added  : "Orion-7.app\Contents\Frameworks\Electron Framework.framework\Versions\A\Resources\sk_NEUTER.lproj" 0 KB ,Flags: 64
[2026-07-04 23:55:00]: Added  : "Orion-7.app\Contents\Frameworks\Electron Framework.framework\Versions\A\Resources\sk_NEUTER.lproj\locale.pak" 1 KB 
[2026-07-04 23:55:00]: Added  : "Orion-7.app\Contents\Frameworks\Electron Framework.framework\Versions\A\Resources\sl.lproj" 0 KB ,Flags: 64
[2026-07-04 23:55:00]: Added  : "Orion-7.app\Contents\Frameworks\Electron Framework.framework\Versions\A\Resources\sl.lproj\locale.pak" 687 KB 
[2026-07-04 23:55:00]: Added  : "Orion-7.app\Contents\Frameworks\Electron Framework.framework\Versions\A\Resources\sl_FEMININE.lproj" 0 KB ,Flags: 64
[2026-07-04 23:55:00]: Added  : "Orion-7.app\Contents\Frameworks\Electron Framework.framework\Versions\A\Resources\sl_FEMININE.lproj\locale.pak" 1 KB 
[2026-07-04 23:55:00]: Added  : "Orion-7.app\Contents\Frameworks\Electron Framework.framework\Versions\A\Resources\sl_MASCULINE.lproj" 0 KB ,Flags: 64
[2026-07-04 23:55:00]: Added  : "Orion-7.app\Contents\Frameworks\Electron Framework.framework\Versions\A\Resources\sl_MASCULINE.lproj\locale.pak" 1 KB 
[2026-07-04 23:55:00]: Added  : "Orion-7.app\Contents\Frameworks\Electron Framework.framework\Versions\A\Resources\sl_NEUTER.lproj" 0 KB ,Flags: 64
[2026-07-04 23:55:00]: Added  : "Orion-7.app\Contents\Frameworks\Electron Framework.framework\Versions\A\Resources\sl_NEUTER.lproj\locale.pak" 1 KB 
[2026-07-04 23:55:00]: Added  : "Orion-7.app\Contents\Frameworks\Electron Framework.framework\Versions\A\Resources\sr.lproj" 0 KB ,Flags: 64
[2026-07-04 23:55:00]: Added  : "Orion-7.app\Contents\Frameworks\Electron Framework.framework\Versions\A\Resources\sr.lproj\locale.pak" 1058 KB 
[2026-07-04 23:55:00]: Added  : "Orion-7.app\Contents\Frameworks\Electron Framework.framework\Versions\A\Resources\sr_FEMININE.lproj" 0 KB ,Flags: 64
[2026-07-04 23:55:00]: Added  : "Orion-7.app\Contents\Frameworks\Electron Framework.framework\Versions\A\Resources\sr_FEMININE.lproj\locale.pak" 1 KB 
[2026-07-04 23:55:00]: Added  : "Orion-7.app\Contents\Frameworks\Electron Framework.framework\Versions\A\Resources\sr_MASCULINE.lproj" 0 KB ,Flags: 64
[2026-07-04 23:55:00]: Added  : "Orion-7.app\Contents\Frameworks\Electron Framework.framework\Versions\A\Resources\sr_MASCULINE.lproj\locale.pak" 1 KB 
[2026-07-04 23:55:00]: Added  : "Orion-7.app\Contents\Frameworks\Electron Framework.framework\Versions\A\Resources\sr_NEUTER.lproj" 0 KB ,Flags: 64
[2026-07-04 23:55:00]: Added  : "Orion-7.app\Contents\Frameworks\Electron Framework.framework\Versions\A\Resources\sr_NEUTER.lproj\locale.pak" 1 KB 
[2026-07-04 23:55:00]: Added  : "Orion-7.app\Contents\Frameworks\Electron Framework.framework\Versions\A\Resources\sv.lproj" 0 KB ,Flags: 64
[2026-07-04 23:55:00]: Added  : "Orion-7.app\Contents\Frameworks\Electron Framework.framework\Versions\A\Resources\sv.lproj\locale.pak" 613 KB 
[2026-07-04 23:55:00]: Added  : "Orion-7.app\Contents\Frameworks\Electron Framework.framework\Versions\A\Resources\sv_FEMININE.lproj" 0 KB ,Flags: 64
[2026-07-04 23:55:00]: Added  : "Orion-7.app\Contents\Frameworks\Electron Framework.framework\Versions\A\Resources\sv_FEMININE.lproj\locale.pak" 1 KB 
[2026-07-04 23:55:00]: Added  : "Orion-7.app\Contents\Frameworks\Electron Framework.framework\Versions\A\Resources\sv_MASCULINE.lproj" 0 KB ,Flags: 64
[2026-07-04 23:55:00]: Added  : "Orion-7.app\Contents\Frameworks\Electron Framework.framework\Versions\A\Resources\sv_MASCULINE.lproj\locale.pak" 1 KB 
[2026-07-04 23:55:00]: Added  : "Orion-7.app\Contents\Frameworks\Electron Framework.framework\Versions\A\Resources\sv_NEUTER.lproj" 0 KB ,Flags: 64
[2026-07-04 23:55:00]: Added  : "Orion-7.app\Contents\Frameworks\Electron Framework.framework\Versions\A\Resources\sv_NEUTER.lproj\locale.pak" 1 KB 
[2026-07-04 23:55:00]: Added  : "Orion-7.app\Contents\Frameworks\Electron Framework.framework\Versions\A\Resources\sw.lproj" 0 KB ,Flags: 64
[2026-07-04 23:55:00]: Added  : "Orion-7.app\Contents\Frameworks\Electron Framework.framework\Versions\A\Resources\sw.lproj\locale.pak" 651 KB 
[2026-07-04 23:55:00]: Added  : "Orion-7.app\Contents\Frameworks\Electron Framework.framework\Versions\A\Resources\sw_FEMININE.lproj" 0 KB ,Flags: 64
[2026-07-04 23:55:00]: Added  : "Orion-7.app\Contents\Frameworks\Electron Framework.framework\Versions\A\Resources\sw_FEMININE.lproj\locale.pak" 1 KB 
[2026-07-04 23:55:00]: Added  : "Orion-7.app\Contents\Frameworks\Electron Framework.framework\Versions\A\Resources\sw_MASCULINE.lproj" 0 KB ,Flags: 64
[2026-07-04 23:55:00]: Added  : "Orion-7.app\Contents\Frameworks\Electron Framework.framework\Versions\A\Resources\sw_MASCULINE.lproj\locale.pak" 1 KB 
[2026-07-04 23:55:00]: Added  : "Orion-7.app\Contents\Frameworks\Electron Framework.framework\Versions\A\Resources\sw_NEUTER.lproj" 0 KB ,Flags: 64
[2026-07-04 23:55:00]: Added  : "Orion-7.app\Contents\Frameworks\Electron Framework.framework\Versions\A\Resources\sw_NEUTER.lproj\locale.pak" 1 KB 
[2026-07-04 23:55:00]: Added  : "Orion-7.app\Contents\Frameworks\Electron Framework.framework\Versions\A\Resources\ta.lproj" 0 KB ,Flags: 64
[2026-07-04 23:55:00]: Added  : "Orion-7.app\Contents\Frameworks\Electron Framework.framework\Versions\A\Resources\ta.lproj\locale.pak" 1674 KB 
[2026-07-04 23:55:00]: Added  : "Orion-7.app\Contents\Frameworks\Electron Framework.framework\Versions\A\Resources\ta_FEMININE.lproj" 0 KB ,Flags: 64
[2026-07-04 23:55:00]: Added  : "Orion-7.app\Contents\Frameworks\Electron Framework.framework\Versions\A\Resources\ta_FEMININE.lproj\locale.pak" 1 KB 
[2026-07-04 23:55:00]: Added  : "Orion-7.app\Contents\Frameworks\Electron Framework.framework\Versions\A\Resources\ta_MASCULINE.lproj" 0 KB ,Flags: 64
[2026-07-04 23:55:00]: Added  : "Orion-7.app\Contents\Frameworks\Electron Framework.framework\Versions\A\Resources\ta_MASCULINE.lproj\locale.pak" 1 KB 
[2026-07-04 23:55:00]: Added  : "Orion-7.app\Contents\Frameworks\Electron Framework.framework\Versions\A\Resources\ta_NEUTER.lproj" 0 KB ,Flags: 64
[2026-07-04 23:55:00]: Added  : "Orion-7.app\Contents\Frameworks\Electron Framework.framework\Versions\A\Resources\ta_NEUTER.lproj\locale.pak" 1 KB 
[2026-07-04 23:55:00]: Added  : "Orion-7.app\Contents\Frameworks\Electron Framework.framework\Versions\A\Resources\te.lproj" 0 KB ,Flags: 64
[2026-07-04 23:55:00]: Added  : "Orion-7.app\Contents\Frameworks\Electron Framework.framework\Versions\A\Resources\te.lproj\locale.pak" 1548 KB 
[2026-07-04 23:55:00]: Added  : "Orion-7.app\Contents\Frameworks\Electron Framework.framework\Versions\A\Resources\te_FEMININE.lproj" 0 KB ,Flags: 64
[2026-07-04 23:55:00]: Added  : "Orion-7.app\Contents\Frameworks\Electron Framework.framework\Versions\A\Resources\te_FEMININE.lproj\locale.pak" 1 KB 
[2026-07-04 23:55:00]: Added  : "Orion-7.app\Contents\Frameworks\Electron Framework.framework\Versions\A\Resources\te_MASCULINE.lproj" 0 KB ,Flags: 64
[2026-07-04 23:55:00]: Added  : "Orion-7.app\Contents\Frameworks\Electron Framework.framework\Versions\A\Resources\te_MASCULINE.lproj\locale.pak" 1 KB 
[2026-07-04 23:55:00]: Added  : "Orion-7.app\Contents\Frameworks\Electron Framework.framework\Versions\A\Resources\te_NEUTER.lproj" 0 KB ,Flags: 64
[2026-07-04 23:55:00]: Added  : "Orion-7.app\Contents\Frameworks\Electron Framework.framework\Versions\A\Resources\te_NEUTER.lproj\locale.pak" 1 KB 
[2026-07-04 23:55:00]: Added  : "Orion-7.app\Contents\Frameworks\Electron Framework.framework\Versions\A\Resources\th.lproj" 0 KB ,Flags: 64
[2026-07-04 23:55:00]: Added  : "Orion-7.app\Contents\Frameworks\Electron Framework.framework\Versions\A\Resources\th.lproj\locale.pak" 1298 KB 
[2026-07-04 23:55:00]: Added  : "Orion-7.app\Contents\Frameworks\Electron Framework.framework\Versions\A\Resources\th_FEMININE.lproj" 0 KB ,Flags: 64
[2026-07-04 23:55:00]: Added  : "Orion-7.app\Contents\Frameworks\Electron Framework.framework\Versions\A\Resources\th_FEMININE.lproj\locale.pak" 1 KB 
[2026-07-04 23:55:00]: Added  : "Orion-7.app\Contents\Frameworks\Electron Framework.framework\Versions\A\Resources\th_MASCULINE.lproj" 0 KB ,Flags: 64
[2026-07-04 23:55:00]: Added  : "Orion-7.app\Contents\Frameworks\Electron Framework.framework\Versions\A\Resources\th_MASCULINE.lproj\locale.pak" 1 KB 
[2026-07-04 23:55:00]: Added  : "Orion-7.app\Contents\Frameworks\Electron Framework.framework\Versions\A\Resources\th_NEUTER.lproj" 0 KB ,Flags: 64
[2026-07-04 23:55:00]: Added  : "Orion-7.app\Contents\Frameworks\Electron Framework.framework\Versions\A\Resources\th_NEUTER.lproj\locale.pak" 1 KB 
[2026-07-04 23:55:00]: Added  : "Orion-7.app\Contents\Frameworks\Electron Framework.framework\Versions\A\Resources\tr.lproj" 0 KB ,Flags: 64
[2026-07-04 23:55:00]: Added  : "Orion-7.app\Contents\Frameworks\Electron Framework.framework\Versions\A\Resources\tr.lproj\locale.pak" 662 KB 
[2026-07-04 23:55:00]: Added  : "Orion-7.app\Contents\Frameworks\Electron Framework.framework\Versions\A\Resources\tr_FEMININE.lproj" 0 KB ,Flags: 64
[2026-07-04 23:55:00]: Added  : "Orion-7.app\Contents\Frameworks\Electron Framework.framework\Versions\A\Resources\tr_FEMININE.lproj\locale.pak" 1 KB 
[2026-07-04 23:55:00]: Added  : "Orion-7.app\Contents\Frameworks\Electron Framework.framework\Versions\A\Resources\tr_MASCULINE.lproj" 0 KB ,Flags: 64
[2026-07-04 23:55:00]: Added  : "Orion-7.app\Contents\Frameworks\Electron Framework.framework\Versions\A\Resources\tr_MASCULINE.lproj\locale.pak" 1 KB 
[2026-07-04 23:55:00]: Added  : "Orion-7.app\Contents\Frameworks\Electron Framework.framework\Versions\A\Resources\tr_NEUTER.lproj" 0 KB ,Flags: 64
[2026-07-04 23:55:00]: Added  : "Orion-7.app\Contents\Frameworks\Electron Framework.framework\Versions\A\Resources\tr_NEUTER.lproj\locale.pak" 1 KB 
[2026-07-04 23:55:00]: Added  : "Orion-7.app\Contents\Frameworks\Electron Framework.framework\Versions\A\Resources\uk.lproj" 0 KB ,Flags: 64
[2026-07-04 23:55:00]: Added  : "Orion-7.app\Contents\Frameworks\Electron Framework.framework\Versions\A\Resources\uk.lproj\locale.pak" 1153 KB 
[2026-07-04 23:55:00]: Added  : "Orion-7.app\Contents\Frameworks\Electron Framework.framework\Versions\A\Resources\uk_FEMININE.lproj" 0 KB ,Flags: 64
[2026-07-04 23:55:00]: Added  : "Orion-7.app\Contents\Frameworks\Electron Framework.framework\Versions\A\Resources\uk_FEMININE.lproj\locale.pak" 1 KB 
[2026-07-04 23:55:00]: Added  : "Orion-7.app\Contents\Frameworks\Electron Framework.framework\Versions\A\Resources\uk_MASCULINE.lproj" 0 KB ,Flags: 64
[2026-07-04 23:55:00]: Added  : "Orion-7.app\Contents\Frameworks\Electron Framework.framework\Versions\A\Resources\uk_MASCULINE.lproj\locale.pak" 1 KB 
[2026-07-04 23:55:00]: Added  : "Orion-7.app\Contents\Frameworks\Electron Framework.framework\Versions\A\Resources\uk_NEUTER.lproj" 0 KB ,Flags: 64
[2026-07-04 23:55:00]: Added  : "Orion-7.app\Contents\Frameworks\Electron Framework.framework\Versions\A\Resources\uk_NEUTER.lproj\locale.pak" 1 KB 
[2026-07-04 23:55:00]: Added  : "Orion-7.app\Contents\Frameworks\Electron Framework.framework\Versions\A\Resources\ur.lproj" 0 KB ,Flags: 64
[2026-07-04 23:55:00]: Added  : "Orion-7.app\Contents\Frameworks\Electron Framework.framework\Versions\A\Resources\ur.lproj\locale.pak" 992 KB 
[2026-07-04 23:55:00]: Added  : "Orion-7.app\Contents\Frameworks\Electron Framework.framework\Versions\A\Resources\ur_FEMININE.lproj" 0 KB ,Flags: 64
[2026-07-04 23:55:00]: Added  : "Orion-7.app\Contents\Frameworks\Electron Framework.framework\Versions\A\Resources\ur_FEMININE.lproj\locale.pak" 1 KB 
[2026-07-04 23:55:00]: Added  : "Orion-7.app\Contents\Frameworks\Electron Framework.framework\Versions\A\Resources\ur_MASCULINE.lproj" 0 KB ,Flags: 64
[2026-07-04 23:55:00]: Added  : "Orion-7.app\Contents\Frameworks\Electron Framework.framework\Versions\A\Resources\ur_MASCULINE.lproj\locale.pak" 1 KB 
[2026-07-04 23:55:00]: Added  : "Orion-7.app\Contents\Frameworks\Electron Framework.framework\Versions\A\Resources\ur_NEUTER.lproj" 0 KB ,Flags: 64
[2026-07-04 23:55:00]: Added  : "Orion-7.app\Contents\Frameworks\Electron Framework.framework\Versions\A\Resources\ur_NEUTER.lproj\locale.pak" 1 KB 
[2026-07-04 23:55:00]: Added  : "Orion-7.app\Contents\Frameworks\Electron Framework.framework\Versions\A\Resources\v8_context_snapshot.arm64.bin" 705 KB 
[2026-07-04 23:55:00]: Added  : "Orion-7.app\Contents\Frameworks\Electron Framework.framework\Versions\A\Resources\vi.lproj" 0 KB ,Flags: 64
[2026-07-04 23:55:00]: Added  : "Orion-7.app\Contents\Frameworks\Electron Framework.framework\Versions\A\Resources\vi.lproj\locale.pak" 786 KB 
[2026-07-04 23:55:00]: Added  : "Orion-7.app\Contents\Frameworks\Electron Framework.framework\Versions\A\Resources\vi_FEMININE.lproj" 0 KB ,Flags: 64
[2026-07-04 23:55:00]: Added  : "Orion-7.app\Contents\Frameworks\Electron Framework.framework\Versions\A\Resources\vi_FEMININE.lproj\locale.pak" 1 KB 
[2026-07-04 23:55:00]: Added  : "Orion-7.app\Contents\Frameworks\Electron Framework.framework\Versions\A\Resources\vi_MASCULINE.lproj" 0 KB ,Flags: 64
[2026-07-04 23:55:00]: Added  : "Orion-7.app\Contents\Frameworks\Electron Framework.framework\Versions\A\Resources\vi_MASCULINE.lproj\locale.pak" 1 KB 
[2026-07-04 23:55:00]: Added  : "Orion-7.app\Contents\Frameworks\Electron Framework.framework\Versions\A\Resources\vi_NEUTER.lproj" 0 KB ,Flags: 64
[2026-07-04 23:55:00]: Added  : "Orion-7.app\Contents\Frameworks\Electron Framework.framework\Versions\A\Resources\vi_NEUTER.lproj\locale.pak" 1 KB 
[2026-07-04 23:55:00]: Added  : "Orion-7.app\Contents\Frameworks\Electron Framework.framework\Versions\A\Resources\zh_CN.lproj" 0 KB ,Flags: 64
[2026-07-04 23:55:00]: Added  : "Orion-7.app\Contents\Frameworks\Electron Framework.framework\Versions\A\Resources\zh_CN.lproj\locale.pak" 562 KB 
[2026-07-04 23:55:00]: Added  : "Orion-7.app\Contents\Frameworks\Electron Framework.framework\Versions\A\Resources\zh_CN_FEMININE.lproj" 0 KB ,Flags: 64
[2026-07-04 23:55:00]: Added  : "Orion-7.app\Contents\Frameworks\Electron Framework.framework\Versions\A\Resources\zh_CN_FEMININE.lproj\locale.pak" 1 KB 
[2026-07-04 23:55:00]: Added  : "Orion-7.app\Contents\Frameworks\Electron Framework.framework\Versions\A\Resources\zh_CN_MASCULINE.lproj" 0 KB ,Flags: 64
[2026-07-04 23:55:00]: Added  : "Orion-7.app\Contents\Frameworks\Electron Framework.framework\Versions\A\Resources\zh_CN_MASCULINE.lproj\locale.pak" 1 KB 
[2026-07-04 23:55:00]: Added  : "Orion-7.app\Contents\Frameworks\Electron Framework.framework\Versions\A\Resources\zh_CN_NEUTER.lproj" 0 KB ,Flags: 64
[2026-07-04 23:55:00]: Added  : "Orion-7.app\Contents\Frameworks\Electron Framework.framework\Versions\A\Resources\zh_CN_NEUTER.lproj\locale.pak" 1 KB 
[2026-07-04 23:55:00]: Added  : "Orion-7.app\Contents\Frameworks\Electron Framework.framework\Versions\A\Resources\zh_TW.lproj" 0 KB ,Flags: 64
[2026-07-04 23:55:00]: Added  : "Orion-7.app\Contents\Frameworks\Electron Framework.framework\Versions\A\Resources\zh_TW.lproj\locale.pak" 555 KB 
[2026-07-04 23:55:00]: Added  : "Orion-7.app\Contents\Frameworks\Electron Framework.framework\Versions\A\Resources\zh_TW_FEMININE.lproj" 0 KB ,Flags: 64
[2026-07-04 23:55:00]: Added  : "Orion-7.app\Contents\Frameworks\Electron Framework.framework\Versions\A\Resources\zh_TW_FEMININE.lproj\locale.pak" 1 KB 
[2026-07-04 23:55:00]: Added  : "Orion-7.app\Contents\Frameworks\Electron Framework.framework\Versions\A\Resources\zh_TW_MASCULINE.lproj" 0 KB ,Flags: 64
[2026-07-04 23:55:00]: Added  : "Orion-7.app\Contents\Frameworks\Electron Framework.framework\Versions\A\Resources\zh_TW_MASCULINE.lproj\locale.pak" 1 KB 
[2026-07-04 23:55:00]: Added  : "Orion-7.app\Contents\Frameworks\Electron Framework.framework\Versions\A\Resources\zh_TW_NEUTER.lproj" 0 KB ,Flags: 64
[2026-07-04 23:55:00]: Added  : "Orion-7.app\Contents\Frameworks\Electron Framework.framework\Versions\A\Resources\zh_TW_NEUTER.lproj\locale.pak" 1 KB 
[2026-07-04 23:55:00]: Added  : "Orion-7.app\Contents\Frameworks\Electron Framework.framework\Versions\Current" 0 KB ,Flags: 512
[2026-07-04 23:55:00]: Added  : "Orion-7.app\Contents\Frameworks\Mantle.framework" 0 KB ,Flags: 64
[2026-07-04 23:55:00]: Added  : "Orion-7.app\Contents\Frameworks\Mantle.framework\Mantle" 0 KB ,Flags: 512
[2026-07-04 23:55:00]: Added  : "Orion-7.app\Contents\Frameworks\Mantle.framework\Resources" 0 KB ,Flags: 512
[2026-07-04 23:55:00]: Added  : "Orion-7.app\Contents\Frameworks\Mantle.framework\Versions" 0 KB ,Flags: 64
[2026-07-04 23:55:00]: Added  : "Orion-7.app\Contents\Frameworks\Mantle.framework\Versions\A" 0 KB ,Flags: 64
[2026-07-04 23:55:00]: Added  : "Orion-7.app\Contents\Frameworks\Mantle.framework\Versions\A\Mantle" 124 KB 
[2026-07-04 23:55:00]: Added  : "Orion-7.app\Contents\Frameworks\Mantle.framework\Versions\A\Resources" 0 KB ,Flags: 64
[2026-07-04 23:55:00]: Added  : "Orion-7.app\Contents\Frameworks\Mantle.framework\Versions\A\Resources\Info.plist" 1 KB 
[2026-07-04 23:55:00]: Added  : "Orion-7.app\Contents\Frameworks\Mantle.framework\Versions\Current" 0 KB ,Flags: 512
[2026-07-04 23:55:00]: Added  : "Orion-7.app\Contents\Frameworks\Orion-7 Helper (GPU).app" 0 KB ,Flags: 64
[2026-07-04 23:55:00]: Added  : "Orion-7.app\Contents\Frameworks\Orion-7 Helper (GPU).app\Contents" 0 KB ,Flags: 64
[2026-07-04 23:55:00]: Added  : "Orion-7.app\Contents\Frameworks\Orion-7 Helper (GPU).app\Contents\Info.plist" 2 KB 
[2026-07-04 23:55:00]: Added  : "Orion-7.app\Contents\Frameworks\Orion-7 Helper (GPU).app\Contents\MacOS" 0 KB ,Flags: 64
[2026-07-04 23:55:00]: Added  : "Orion-7.app\Contents\Frameworks\Orion-7 Helper (GPU).app\Contents\MacOS\Orion-7 Helper (GPU)" 199 KB 
[2026-07-04 23:55:00]: Added  : "Orion-7.app\Contents\Frameworks\Orion-7 Helper (GPU).app\Contents\PkgInfo" 1 KB 
[2026-07-04 23:55:00]: Added  : "Orion-7.app\Contents\Frameworks\Orion-7 Helper (Plugin).app" 0 KB ,Flags: 64
[2026-07-04 23:55:00]: Added  : "Orion-7.app\Contents\Frameworks\Orion-7 Helper (Plugin).app\Contents" 0 KB ,Flags: 64
[2026-07-04 23:55:00]: Added  : "Orion-7.app\Contents\Frameworks\Orion-7 Helper (Plugin).app\Contents\Info.plist" 2 KB 
[2026-07-04 23:55:00]: Added  : "Orion-7.app\Contents\Frameworks\Orion-7 Helper (Plugin).app\Contents\MacOS" 0 KB ,Flags: 64
[2026-07-04 23:55:00]: Added  : "Orion-7.app\Contents\Frameworks\Orion-7 Helper (Plugin).app\Contents\MacOS\Orion-7 Helper (Plugin)" 199 KB 
[2026-07-04 23:55:00]: Added  : "Orion-7.app\Contents\Frameworks\Orion-7 Helper (Plugin).app\Contents\PkgInfo" 1 KB 
[2026-07-04 23:55:00]: Added  : "Orion-7.app\Contents\Frameworks\Orion-7 Helper (Renderer).app" 0 KB ,Flags: 64
[2026-07-04 23:55:00]: Added  : "Orion-7.app\Contents\Frameworks\Orion-7 Helper (Renderer).app\Contents" 0 KB ,Flags: 64
[2026-07-04 23:55:00]: Added  : "Orion-7.app\Contents\Frameworks\Orion-7 Helper (Renderer).app\Contents\Info.plist" 2 KB 
[2026-07-04 23:55:00]: Added  : "Orion-7.app\Contents\Frameworks\Orion-7 Helper (Renderer).app\Contents\MacOS" 0 KB ,Flags: 64
[2026-07-04 23:55:00]: Added  : "Orion-7.app\Contents\Frameworks\Orion-7 Helper (Renderer).app\Contents\MacOS\Orion-7 Helper (Renderer)" 199 KB 
[2026-07-04 23:55:00]: Added  : "Orion-7.app\Contents\Frameworks\Orion-7 Helper (Renderer).app\Contents\PkgInfo" 1 KB 
[2026-07-04 23:55:00]: Added  : "Orion-7.app\Contents\Frameworks\Orion-7 Helper.app" 0 KB ,Flags: 64
[2026-07-04 23:55:00]: Added  : "Orion-7.app\Contents\Frameworks\Orion-7 Helper.app\Contents" 0 KB ,Flags: 64
[2026-07-04 23:55:00]: Added  : "Orion-7.app\Contents\Frameworks\Orion-7 Helper.app\Contents\Info.plist" 2 KB 
[2026-07-04 23:55:00]: Added  : "Orion-7.app\Contents\Frameworks\Orion-7 Helper.app\Contents\MacOS" 0 KB ,Flags: 64
[2026-07-04 23:55:00]: Added  : "Orion-7.app\Contents\Frameworks\Orion-7 Helper.app\Contents\MacOS\Orion-7 Helper" 199 KB 
[2026-07-04 23:55:00]: Added  : "Orion-7.app\Contents\Frameworks\Orion-7 Helper.app\Contents\PkgInfo" 1 KB 
[2026-07-04 23:55:00]: Added  : "Orion-7.app\Contents\Frameworks\ReactiveObjC.framework" 0 KB ,Flags: 64
[2026-07-04 23:55:00]: Added  : "Orion-7.app\Contents\Frameworks\ReactiveObjC.framework\ReactiveObjC" 0 KB ,Flags: 512
[2026-07-04 23:55:00]: Added  : "Orion-7.app\Contents\Frameworks\ReactiveObjC.framework\Resources" 0 KB ,Flags: 512
[2026-07-04 23:55:00]: Added  : "Orion-7.app\Contents\Frameworks\ReactiveObjC.framework\Versions" 0 KB ,Flags: 64
[2026-07-04 23:55:00]: Added  : "Orion-7.app\Contents\Frameworks\ReactiveObjC.framework\Versions\A" 0 KB ,Flags: 64
[2026-07-04 23:55:00]: Added  : "Orion-7.app\Contents\Frameworks\ReactiveObjC.framework\Versions\A\ReactiveObjC" 345 KB 
[2026-07-04 23:55:00]: Added  : "Orion-7.app\Contents\Frameworks\ReactiveObjC.framework\Versions\A\Resources" 0 KB ,Flags: 64
[2026-07-04 23:55:00]: Added  : "Orion-7.app\Contents\Frameworks\ReactiveObjC.framework\Versions\A\Resources\Info.plist" 2 KB 
[2026-07-04 23:55:00]: Added  : "Orion-7.app\Contents\Frameworks\ReactiveObjC.framework\Versions\Current" 0 KB ,Flags: 512
[2026-07-04 23:55:00]: Added  : "Orion-7.app\Contents\Frameworks\Squirrel.framework" 0 KB ,Flags: 64
[2026-07-04 23:55:00]: Added  : "Orion-7.app\Contents\Frameworks\Squirrel.framework\Resources" 0 KB ,Flags: 512
[2026-07-04 23:55:00]: Added  : "Orion-7.app\Contents\Frameworks\Squirrel.framework\Squirrel" 0 KB ,Flags: 512
[2026-07-04 23:55:00]: Added  : "Orion-7.app\Contents\Frameworks\Squirrel.framework\Versions" 0 KB ,Flags: 64
[2026-07-04 23:55:00]: Added  : "Orion-7.app\Contents\Frameworks\Squirrel.framework\Versions\A" 0 KB ,Flags: 64
[2026-07-04 23:55:00]: Added  : "Orion-7.app\Contents\Frameworks\Squirrel.framework\Versions\A\Resources" 0 KB ,Flags: 64
[2026-07-04 23:55:00]: Added  : "Orion-7.app\Contents\Frameworks\Squirrel.framework\Versions\A\Resources\Info.plist" 2 KB 
[2026-07-04 23:55:00]: Added  : "Orion-7.app\Contents\Frameworks\Squirrel.framework\Versions\A\Resources\ShipIt" 123 KB 
[2026-07-04 23:55:00]: Added  : "Orion-7.app\Contents\Frameworks\Squirrel.framework\Versions\A\Squirrel" 142 KB 
[2026-07-04 23:55:00]: Added  : "Orion-7.app\Contents\Frameworks\Squirrel.framework\Versions\Current" 0 KB ,Flags: 512
[2026-07-04 23:55:00]: Added  : "Orion-7.app\Contents\Info.plist" 4 KB 
[2026-07-04 23:55:00]: Added  : "Orion-7.app\Contents\MacOS" 0 KB ,Flags: 64
[2026-07-04 23:55:00]: Added  : "Orion-7.app\Contents\MacOS\Orion-7" 34 KB 
[2026-07-04 23:55:00]: Added  : "Orion-7.app\Contents\PkgInfo" 1 KB 
[2026-07-04 23:55:00]: Added  : "Orion-7.app\Contents\Resources" 0 KB ,Flags: 64
[2026-07-04 23:55:00]: Added  : "Orion-7.app\Contents\Resources\af.lproj" 0 KB ,Flags: 64
[2026-07-04 23:55:00]: Added  : "Orion-7.app\Contents\Resources\am.lproj" 0 KB ,Flags: 64
[2026-07-04 23:55:00]: Added  : "Orion-7.app\Contents\Resources\app-update.yml" 1 KB 
[2026-07-04 23:55:00]: Added  : "Orion-7.app\Contents\Resources\app.asar" 196881 KB 
[2026-07-04 23:55:00]: Added  : "Orion-7.app\Contents\Resources\app.asar.unpacked" 0 KB ,Flags: 64
[2026-07-04 23:55:00]: Added  : "Orion-7.app\Contents\Resources\app.asar.unpacked\node_modules" 0 KB ,Flags: 64
[2026-07-04 23:55:00]: Added  : "Orion-7.app\Contents\Resources\app.asar.unpacked\node_modules\@esbuild" 0 KB ,Flags: 64
[2026-07-04 23:55:00]: Added  : "Orion-7.app\Contents\Resources\app.asar.unpacked\node_modules\@esbuild\darwin-arm64" 0 KB ,Flags: 64
[2026-07-04 23:55:00]: Added  : "Orion-7.app\Contents\Resources\app.asar.unpacked\node_modules\@esbuild\darwin-arm64\bin" 0 KB ,Flags: 64
[2026-07-04 23:55:00]: Added  : "Orion-7.app\Contents\Resources\app.asar.unpacked\node_modules\@esbuild\darwin-arm64\bin\esbuild" 9288 KB 
[2026-07-04 23:55:00]: Added  : "Orion-7.app\Contents\Resources\app.asar.unpacked\node_modules\@esbuild\darwin-arm64\package.json" 1 KB 
[2026-07-04 23:55:00]: Added  : "Orion-7.app\Contents\Resources\app.asar.unpacked\node_modules\esbuild" 0 KB ,Flags: 64
[2026-07-04 23:55:00]: Added  : "Orion-7.app\Contents\Resources\app.asar.unpacked\node_modules\esbuild\bin" 0 KB ,Flags: 64
[2026-07-04 23:55:00]: Added  : "Orion-7.app\Contents\Resources\app.asar.unpacked\node_modules\esbuild\bin\esbuild" 9288 KB 
[2026-07-04 23:55:00]: Added  : "Orion-7.app\Contents\Resources\app.asar.unpacked\node_modules\esbuild\install.js" 11 KB 
[2026-07-04 23:55:00]: Added  : "Orion-7.app\Contents\Resources\app.asar.unpacked\node_modules\esbuild\lib" 0 KB ,Flags: 64
[2026-07-04 23:55:00]: Added  : "Orion-7.app\Contents\Resources\app.asar.unpacked\node_modules\esbuild\lib\main.js" 86 KB 
[2026-07-04 23:55:00]: Added  : "Orion-7.app\Contents\Resources\app.asar.unpacked\node_modules\esbuild\LICENSE.md" 2 KB 
[2026-07-04 23:55:00]: Added  : "Orion-7.app\Contents\Resources\app.asar.unpacked\node_modules\esbuild\package.json" 2 KB 
[2026-07-04 23:55:00]: Added  : "Orion-7.app\Contents\Resources\app.asar.unpacked\node_modules\fsevents" 0 KB ,Flags: 64
[2026-07-04 23:55:00]: Added  : "Orion-7.app\Contents\Resources\app.asar.unpacked\node_modules\fsevents\fsevents.js" 3 KB 
[2026-07-04 23:55:00]: Added  : "Orion-7.app\Contents\Resources\app.asar.unpacked\node_modules\fsevents\fsevents.node" 160 KB 
[2026-07-04 23:55:00]: Added  : "Orion-7.app\Contents\Resources\app.asar.unpacked\node_modules\fsevents\LICENSE" 2 KB 
[2026-07-04 23:55:00]: Added  : "Orion-7.app\Contents\Resources\app.asar.unpacked\node_modules\fsevents\package.json" 1 KB 
[2026-07-04 23:55:00]: Added  : "Orion-7.app\Contents\Resources\app.asar.unpacked\node_modules\steamworks.js" 0 KB ,Flags: 64
[2026-07-04 23:55:00]: Added  : "Orion-7.app\Contents\Resources\app.asar.unpacked\node_modules\steamworks.js\dist" 0 KB ,Flags: 64
[2026-07-04 23:55:00]: Added  : "Orion-7.app\Contents\Resources\app.asar.unpacked\node_modules\steamworks.js\dist\linux64" 0 KB ,Flags: 64
[2026-07-04 23:55:00]: Added  : "Orion-7.app\Contents\Resources\app.asar.unpacked\node_modules\steamworks.js\dist\linux64\libsteam_api.so" 376 KB 
[2026-07-04 23:55:00]: Added  : "Orion-7.app\Contents\Resources\app.asar.unpacked\node_modules\steamworks.js\dist\linux64\steamworksjs.linux-x64-gnu.node" 1870 KB 
[2026-07-04 23:55:00]: Added  : "Orion-7.app\Contents\Resources\app.asar.unpacked\node_modules\steamworks.js\dist\osx" 0 KB ,Flags: 64
[2026-07-04 23:55:00]: Added  : "Orion-7.app\Contents\Resources\app.asar.unpacked\node_modules\steamworks.js\dist\osx\libsteam_api.dylib" 597 KB 
[2026-07-04 23:55:00]: Added  : "Orion-7.app\Contents\Resources\app.asar.unpacked\node_modules\steamworks.js\dist\osx\steamworksjs.darwin-arm64.node" 1695 KB 
[2026-07-04 23:55:00]: Added  : "Orion-7.app\Contents\Resources\app.asar.unpacked\node_modules\steamworks.js\dist\osx\steamworksjs.darwin-x64.node" 1725 KB 
[2026-07-04 23:55:00]: Added  : "Orion-7.app\Contents\Resources\app.asar.unpacked\node_modules\steamworks.js\dist\win64" 0 KB ,Flags: 64
[2026-07-04 23:55:00]: Added  : "Orion-7.app\Contents\Resources\app.asar.unpacked\node_modules\steamworks.js\dist\win64\steamworksjs.win32-x64-msvc.node" 1713 KB 
[2026-07-04 23:55:00]: Added  : "Orion-7.app\Contents\Resources\app.asar.unpacked\node_modules\steamworks.js\dist\win64\steam_api64.dll" 294 KB 
[2026-07-04 23:55:00]: Added  : "Orion-7.app\Contents\Resources\app.asar.unpacked\node_modules\steamworks.js\dist\win64\steam_api64.lib" 366 KB 
[2026-07-04 23:55:00]: Added  : "Orion-7.app\Contents\Resources\app.asar.unpacked\node_modules\steamworks.js\index.js" 3 KB 
[2026-07-04 23:55:00]: Added  : "Orion-7.app\Contents\Resources\app.asar.unpacked\node_modules\steamworks.js\LICENSE" 2 KB 
[2026-07-04 23:55:00]: Added  : "Orion-7.app\Contents\Resources\app.asar.unpacked\node_modules\steamworks.js\package.json" 1 KB 
[2026-07-04 23:55:00]: Added  : "Orion-7.app\Contents\Resources\ar.lproj" 0 KB ,Flags: 64
[2026-07-04 23:55:00]: Added  : "Orion-7.app\Contents\Resources\bg.lproj" 0 KB ,Flags: 64
[2026-07-04 23:55:00]: Added  : "Orion-7.app\Contents\Resources\bn.lproj" 0 KB ,Flags: 64
[2026-07-04 23:55:00]: Added  : "Orion-7.app\Contents\Resources\ca.lproj" 0 KB ,Flags: 64
[2026-07-04 23:55:00]: Added  : "Orion-7.app\Contents\Resources\cs.lproj" 0 KB ,Flags: 64
[2026-07-04 23:55:00]: Added  : "Orion-7.app\Contents\Resources\da.lproj" 0 KB ,Flags: 64
[2026-07-04 23:55:00]: Added  : "Orion-7.app\Contents\Resources\de.lproj" 0 KB ,Flags: 64
[2026-07-04 23:55:00]: Added  : "Orion-7.app\Contents\Resources\el.lproj" 0 KB ,Flags: 64
[2026-07-04 23:55:00]: Added  : "Orion-7.app\Contents\Resources\en.lproj" 0 KB ,Flags: 64
[2026-07-04 23:55:00]: Added  : "Orion-7.app\Contents\Resources\en_GB.lproj" 0 KB ,Flags: 64
[2026-07-04 23:55:00]: Added  : "Orion-7.app\Contents\Resources\es.lproj" 0 KB ,Flags: 64
[2026-07-04 23:55:00]: Added  : "Orion-7.app\Contents\Resources\es_419.lproj" 0 KB ,Flags: 64
[2026-07-04 23:55:00]: Added  : "Orion-7.app\Contents\Resources\et.lproj" 0 KB ,Flags: 64
[2026-07-04 23:55:00]: Added  : "Orion-7.app\Contents\Resources\fa.lproj" 0 KB ,Flags: 64
[2026-07-04 23:55:00]: Added  : "Orion-7.app\Contents\Resources\fi.lproj" 0 KB ,Flags: 64
[2026-07-04 23:55:00]: Added  : "Orion-7.app\Contents\Resources\fil.lproj" 0 KB ,Flags: 64
[2026-07-04 23:55:00]: Added  : "Orion-7.app\Contents\Resources\fr.lproj" 0 KB ,Flags: 64
[2026-07-04 23:55:00]: Added  : "Orion-7.app\Contents\Resources\gu.lproj" 0 KB ,Flags: 64
[2026-07-04 23:55:00]: Added  : "Orion-7.app\Contents\Resources\he.lproj" 0 KB ,Flags: 64
[2026-07-04 23:55:00]: Added  : "Orion-7.app\Contents\Resources\hi.lproj" 0 KB ,Flags: 64
[2026-07-04 23:55:00]: Added  : "Orion-7.app\Contents\Resources\hr.lproj" 0 KB ,Flags: 64
[2026-07-04 23:55:00]: Added  : "Orion-7.app\Contents\Resources\hu.lproj" 0 KB ,Flags: 64
[2026-07-04 23:55:00]: Added  : "Orion-7.app\Contents\Resources\icon.icns" 2992 KB 
[2026-07-04 23:55:00]: Added  : "Orion-7.app\Contents\Resources\id.lproj" 0 KB ,Flags: 64
[2026-07-04 23:55:00]: Added  : "Orion-7.app\Contents\Resources\it.lproj" 0 KB ,Flags: 64
[2026-07-04 23:55:00]: Added  : "Orion-7.app\Contents\Resources\ja.lproj" 0 KB ,Flags: 64
[2026-07-04 23:55:00]: Added  : "Orion-7.app\Contents\Resources\kn.lproj" 0 KB ,Flags: 64
[2026-07-04 23:55:00]: Added  : "Orion-7.app\Contents\Resources\ko.lproj" 0 KB ,Flags: 64
[2026-07-04 23:55:00]: Added  : "Orion-7.app\Contents\Resources\lt.lproj" 0 KB ,Flags: 64
[2026-07-04 23:55:00]: Added  : "Orion-7.app\Contents\Resources\lv.lproj" 0 KB ,Flags: 64
[2026-07-04 23:55:00]: Added  : "Orion-7.app\Contents\Resources\ml.lproj" 0 KB ,Flags: 64
[2026-07-04 23:55:00]: Added  : "Orion-7.app\Contents\Resources\mr.lproj" 0 KB ,Flags: 64
[2026-07-04 23:55:00]: Added  : "Orion-7.app\Contents\Resources\ms.lproj" 0 KB ,Flags: 64
[2026-07-04 23:55:00]: Added  : "Orion-7.app\Contents\Resources\nb.lproj" 0 KB ,Flags: 64
[2026-07-04 23:55:00]: Added  : "Orion-7.app\Contents\Resources\nl.lproj" 0 KB ,Flags: 64
[2026-07-04 23:55:00]: Added  : "Orion-7.app\Contents\Resources\pl.lproj" 0 KB ,Flags: 64
[2026-07-04 23:55:00]: Added  : "Orion-7.app\Contents\Resources\pt_BR.lproj" 0 KB ,Flags: 64
[2026-07-04 23:55:00]: Added  : "Orion-7.app\Contents\Resources\pt_PT.lproj" 0 KB ,Flags: 64
[2026-07-04 23:55:00]: Added  : "Orion-7.app\Contents\Resources\ro.lproj" 0 KB ,Flags: 64
[2026-07-04 23:55:00]: Added  : "Orion-7.app\Contents\Resources\ru.lproj" 0 KB ,Flags: 64
[2026-07-04 23:55:00]: Added  : "Orion-7.app\Contents\Resources\sk.lproj" 0 KB ,Flags: 64
[2026-07-04 23:55:00]: Added  : "Orion-7.app\Contents\Resources\sl.lproj" 0 KB ,Flags: 64
[2026-07-04 23:55:00]: Added  : "Orion-7.app\Contents\Resources\sr.lproj" 0 KB ,Flags: 64
[2026-07-04 23:55:00]: Added  : "Orion-7.app\Contents\Resources\sv.lproj" 0 KB ,Flags: 64
[2026-07-04 23:55:00]: Added  : "Orion-7.app\Contents\Resources\sw.lproj" 0 KB ,Flags: 64
[2026-07-04 23:55:00]: Added  : "Orion-7.app\Contents\Resources\ta.lproj" 0 KB ,Flags: 64
[2026-07-04 23:55:00]: Added  : "Orion-7.app\Contents\Resources\te.lproj" 0 KB ,Flags: 64
[2026-07-04 23:55:00]: Added  : "Orion-7.app\Contents\Resources\th.lproj" 0 KB ,Flags: 64
[2026-07-04 23:55:00]: Added  : "Orion-7.app\Contents\Resources\tr.lproj" 0 KB ,Flags: 64
[2026-07-04 23:55:00]: Added  : "Orion-7.app\Contents\Resources\uk.lproj" 0 KB ,Flags: 64
[2026-07-04 23:55:00]: Added  : "Orion-7.app\Contents\Resources\ur.lproj" 0 KB ,Flags: 64
[2026-07-04 23:55:00]: Added  : "Orion-7.app\Contents\Resources\vi.lproj" 0 KB ,Flags: 64
[2026-07-04 23:55:00]: Added  : "Orion-7.app\Contents\Resources\zh_CN.lproj" 0 KB ,Flags: 64
[2026-07-04 23:55:00]: Added  : "Orion-7.app\Contents\Resources\zh_TW.lproj" 0 KB ,Flags: 64
[2026-07-04 23:55:00]: Summary: 618 files added (494.01 MB), 0 files changed (0 bytes), 0 files removed (0 bytes)
[2026-07-04 23:55:00]: Uploading new manifest to depot-ingest.discovery.steamserver.net (handle 8824703218874639541, 118014 bytes).
[2026-07-04 23:55:02]: Uploading 550 out of 550 missing chunks.
[2026-07-04 23:55:36]: Success! New manifestID 807131499198160017 created and 550 new chunks uploaded.
